<?xml version="1.0" encoding="UTF-8"?>
<coverage generated="1768144736358" clover="3.2.0">
  <project timestamp="1768144736358" name="All files">
    <metrics statements="350" coveredstatements="275" conditionals="308" coveredconditionals="191" methods="73" coveredmethods="48" elements="731" coveredelements="514" complexity="0" loc="350" ncloc="350" packages="5" files="9" classes="9"/>
    <package name="components.simulator">
      <metrics statements="276" coveredstatements="202" conditionals="261" coveredconditionals="157" methods="60" coveredmethods="35"/>
      <file name="tool1-opportunity.tsx" path="C:\Users\DELL\Desktop\v0-bizgo-ai-israel-website\components\simulator\tool1-opportunity.tsx">
        <metrics statements="64" coveredstatements="42" conditionals="44" coveredconditionals="25" methods="12" coveredmethods="8"/>
        <line num="14" count="1" type="stmt"/>
        <line num="47" count="4" type="stmt"/>
        <line num="48" count="4" type="stmt"/>
        <line num="49" count="4" type="stmt"/>
        <line num="50" count="4" type="stmt"/>
        <line num="51" count="4" type="stmt"/>
        <line num="53" count="4" type="stmt"/>
        <line num="54" count="3" type="stmt"/>
        <line num="55" count="3" type="stmt"/>
        <line num="57" count="3" type="cond" truecount="2" falsecount="0"/>
        <line num="58" count="2" type="stmt"/>
        <line num="61" count="1" type="stmt"/>
        <line num="62" count="1" type="stmt"/>
        <line num="63" count="1" type="stmt"/>
        <line num="64" count="1" type="stmt"/>
        <line num="66" count="1" type="stmt"/>
        <line num="72" count="1" type="cond" truecount="1" falsecount="1"/>
        <line num="73" count="1" type="stmt"/>
        <line num="81" count="1" type="stmt"/>
        <line num="85" count="4" type="stmt"/>
        <line num="86" count="0" type="cond" truecount="0" falsecount="2"/>
        <line num="87" count="0" type="stmt"/>
        <line num="88" count="0" type="stmt"/>
        <line num="92" count="4" type="stmt"/>
        <line num="94" count="1" type="stmt"/>
        <line num="95" count="1" type="cond" truecount="1" falsecount="1"/>
        <line num="96" count="0" type="cond" truecount="0" falsecount="2"/>
        <line num="97" count="0" type="cond" truecount="0" falsecount="2"/>
        <line num="98" count="0" type="stmt"/>
        <line num="100" count="4" type="stmt"/>
        <line num="101" count="1" type="stmt"/>
        <line num="102" count="1" type="cond" truecount="1" falsecount="1"/>
        <line num="103" count="0" type="cond" truecount="0" falsecount="2"/>
        <line num="104" count="0" type="cond" truecount="0" falsecount="2"/>
        <line num="105" count="0" type="stmt"/>
        <line num="108" count="4" type="cond" truecount="4" falsecount="0"/>
        <line num="109" count="1" type="stmt"/>
        <line num="110" count="1" type="cond" truecount="1" falsecount="1"/>
        <line num="112" count="1" type="stmt"/>
        <line num="158" count="0" type="stmt"/>
        <line num="159" count="0" type="stmt"/>
        <line num="160" count="0" type="stmt"/>
        <line num="161" count="0" type="stmt"/>
        <line num="162" count="0" type="stmt"/>
        <line num="171" count="0" type="stmt"/>
        <line num="172" count="0" type="stmt"/>
        <line num="173" count="0" type="stmt"/>
        <line num="174" count="0" type="stmt"/>
        <line num="186" count="3" type="stmt"/>
        <line num="189" count="3" type="stmt"/>
        <line num="190" count="3" type="stmt"/>
        <line num="191" count="3" type="stmt"/>
        <line num="192" count="3" type="cond" truecount="1" falsecount="1"/>
        <line num="193" count="3" type="cond" truecount="1" falsecount="1"/>
        <line num="194" count="3" type="cond" truecount="1" falsecount="1"/>
        <line num="195" count="0" type="stmt"/>
        <line num="201" count="3" type="stmt"/>
        <line num="207" count="0" type="stmt"/>
        <line num="209" count="0" type="stmt"/>
        <line num="213" count="3" type="stmt"/>
        <line num="218" count="9" type="stmt"/>
        <line num="246" count="0" type="stmt"/>
        <line num="262" count="11" type="stmt"/>
        <line num="264" count="3" type="stmt"/>
      </file>
      <file name="tool2-safety.tsx" path="C:\Users\DELL\Desktop\v0-bizgo-ai-israel-website\components\simulator\tool2-safety.tsx">
        <metrics statements="95" coveredstatements="60" conditionals="76" coveredconditionals="36" methods="19" coveredmethods="10"/>
        <line num="17" count="2" type="stmt"/>
        <line num="49" count="18" type="stmt"/>
        <line num="50" count="18" type="stmt"/>
        <line num="51" count="18" type="stmt"/>
        <line num="52" count="18" type="stmt"/>
        <line num="53" count="18" type="stmt"/>
        <line num="55" count="18" type="stmt"/>
        <line num="56" count="12" type="stmt"/>
        <line num="57" count="12" type="stmt"/>
        <line num="59" count="12" type="cond" truecount="2" falsecount="0"/>
        <line num="60" count="9" type="stmt"/>
        <line num="64" count="3" type="cond" truecount="3" falsecount="0"/>
        <line num="69" count="3" type="stmt"/>
        <line num="71" count="3" type="cond" truecount="2" falsecount="0"/>
        <line num="72" count="1" type="stmt"/>
        <line num="76" count="2" type="stmt"/>
        <line num="83" count="2" type="cond" truecount="2" falsecount="0"/>
        <line num="84" count="2" type="cond" truecount="2" falsecount="0"/>
        <line num="87" count="2" type="cond" truecount="1" falsecount="1"/>
        <line num="88" count="2" type="cond" truecount="1" falsecount="1"/>
        <line num="89" count="2" type="stmt"/>
        <line num="93" count="12" type="cond" truecount="1" falsecount="1"/>
        <line num="94" count="3" type="stmt"/>
        <line num="95" count="3" type="stmt"/>
        <line num="96" count="3" type="stmt"/>
        <line num="97" count="3" type="stmt"/>
        <line num="100" count="3" type="stmt"/>
        <line num="102" count="3" type="stmt"/>
        <line num="110" count="3" type="stmt"/>
        <line num="114" count="18" type="stmt"/>
        <line num="115" count="0" type="cond" truecount="0" falsecount="2"/>
        <line num="116" count="0" type="stmt"/>
        <line num="117" count="0" type="stmt"/>
        <line num="121" count="18" type="stmt"/>
        <line num="122" count="0" type="cond" truecount="0" falsecount="3"/>
        <line num="124" count="0" type="stmt"/>
        <line num="126" count="0" type="stmt"/>
        <line num="128" count="0" type="stmt"/>
        <line num="132" count="18" type="stmt"/>
        <line num="133" count="0" type="cond" truecount="0" falsecount="2"/>
        <line num="134" count="0" type="cond" truecount="0" falsecount="2"/>
        <line num="135" count="0" type="stmt"/>
        <line num="138" count="18" type="stmt"/>
        <line num="139" count="0" type="cond" truecount="0" falsecount="2"/>
        <line num="140" count="0" type="cond" truecount="0" falsecount="2"/>
        <line num="141" count="0" type="cond" truecount="0" falsecount="2"/>
        <line num="142" count="0" type="stmt"/>
        <line num="145" count="18" type="stmt"/>
        <line num="146" count="0" type="cond" truecount="0" falsecount="2"/>
        <line num="147" count="0" type="cond" truecount="0" falsecount="2"/>
        <line num="148" count="0" type="cond" truecount="0" falsecount="2"/>
        <line num="149" count="0" type="stmt"/>
        <line num="152" count="18" type="stmt"/>
        <line num="153" count="0" type="cond" truecount="0" falsecount="2"/>
        <line num="154" count="0" type="cond" truecount="0" falsecount="2"/>
        <line num="155" count="0" type="stmt"/>
        <line num="158" count="18" type="stmt"/>
        <line num="159" count="0" type="cond" truecount="0" falsecount="2"/>
        <line num="160" count="0" type="cond" truecount="0" falsecount="2"/>
        <line num="161" count="0" type="stmt"/>
        <line num="164" count="18" type="cond" truecount="4" falsecount="0"/>
        <line num="166" count="3" type="stmt"/>
        <line num="168" count="3" type="stmt"/>
        <line num="169" count="3" type="stmt"/>
        <line num="170" count="3" type="cond" truecount="2" falsecount="0"/>
        <line num="171" count="2" type="cond" truecount="2" falsecount="0"/>
        <line num="172" count="1" type="cond" truecount="1" falsecount="1"/>
        <line num="173" count="1" type="stmt"/>
        <line num="176" count="3" type="stmt"/>
        <line num="178" count="3" type="cond" truecount="1" falsecount="1"/>
        <line num="180" count="3" type="stmt"/>
        <line num="222" count="0" type="stmt"/>
        <line num="223" count="0" type="stmt"/>
        <line num="224" count="0" type="stmt"/>
        <line num="225" count="0" type="stmt"/>
        <line num="233" count="0" type="stmt"/>
        <line num="234" count="0" type="stmt"/>
        <line num="235" count="0" type="stmt"/>
        <line num="236" count="0" type="stmt"/>
        <line num="248" count="15" type="stmt"/>
        <line num="252" count="15" type="cond" truecount="1" falsecount="1"/>
        <line num="253" count="15" type="stmt"/>
        <line num="254" count="15" type="stmt"/>
        <line num="255" count="15" type="cond" truecount="1" falsecount="1"/>
        <line num="256" count="15" type="cond" truecount="1" falsecount="1"/>
        <line num="257" count="0" type="stmt"/>
        <line num="263" count="15" type="stmt"/>
        <line num="269" count="0" type="stmt"/>
        <line num="271" count="0" type="stmt"/>
        <line num="275" count="15" type="stmt"/>
        <line num="280" count="60" type="stmt"/>
        <line num="297" count="18" type="stmt"/>
        <line num="299" count="6" type="stmt"/>
        <line num="318" count="3" type="stmt"/>
        <line num="325" count="6" type="stmt"/>
      </file>
      <file name="tool3-roi.tsx" path="C:\Users\DELL\Desktop\v0-bizgo-ai-israel-website\components\simulator\tool3-roi.tsx">
        <metrics statements="117" coveredstatements="100" conditionals="141" coveredconditionals="96" methods="29" coveredmethods="17"/>
        <line num="11" count="2" type="stmt"/>
        <line num="17" count="2" type="stmt"/>
        <line num="21" count="2" type="stmt"/>
        <line num="23" count="2" type="stmt"/>
        <line num="28" count="4" type="cond" truecount="2" falsecount="0"/>
        <line num="30" count="2" type="stmt"/>
        <line num="31" count="2" type="cond" truecount="1" falsecount="1"/>
        <line num="34" count="2" type="stmt"/>
        <line num="38" count="0" type="stmt"/>
        <line num="43" count="13" type="stmt"/>
        <line num="44" count="13" type="stmt"/>
        <line num="45" count="13" type="stmt"/>
        <line num="51" count="13" type="stmt"/>
        <line num="52" count="13" type="stmt"/>
        <line num="53" count="13" type="stmt"/>
        <line num="54" count="13" type="stmt"/>
        <line num="55" count="13" type="stmt"/>
        <line num="72" count="13" type="stmt"/>
        <line num="74" count="10" type="cond" truecount="1" falsecount="1"/>
        <line num="75" count="2" type="stmt"/>
        <line num="76" count="2" type="stmt"/>
        <line num="77" count="2" type="stmt"/>
        <line num="78" count="2" type="cond" truecount="1" falsecount="1"/>
        <line num="81" count="2" type="cond" truecount="1" falsecount="1"/>
        <line num="82" count="2" type="cond" truecount="1" falsecount="1"/>
        <line num="83" count="2" type="stmt"/>
        <line num="86" count="2" type="stmt"/>
        <line num="88" count="2" type="stmt"/>
        <line num="89" count="2" type="cond" truecount="2" falsecount="0"/>
        <line num="91" count="2" type="cond" truecount="1" falsecount="1"/>
        <line num="92" count="2" type="cond" truecount="1" falsecount="1"/>
        <line num="95" count="2" type="cond" truecount="1" falsecount="1"/>
        <line num="96" count="2" type="cond" truecount="1" falsecount="1"/>
        <line num="97" count="2" type="cond" truecount="1" falsecount="1"/>
        <line num="100" count="2" type="stmt"/>
        <line num="106" count="2" type="cond" truecount="1" falsecount="1"/>
        <line num="109" count="2" type="stmt"/>
        <line num="115" count="2" type="stmt"/>
        <line num="116" count="2" type="cond" truecount="1" falsecount="1"/>
        <line num="118" count="2" type="cond" truecount="1" falsecount="1"/>
        <line num="119" count="2" type="stmt"/>
        <line num="120" count="2" type="stmt"/>
        <line num="124" count="2" type="cond" truecount="1" falsecount="1"/>
        <line num="126" count="2" type="cond" truecount="2" falsecount="0"/>
        <line num="127" count="2" type="stmt"/>
        <line num="130" count="2" type="stmt"/>
        <line num="131" count="2" type="cond" truecount="2" falsecount="0"/>
        <line num="132" count="1" type="cond" truecount="2" falsecount="2"/>
        <line num="135" count="2" type="stmt"/>
        <line num="136" count="2" type="stmt"/>
        <line num="139" count="2" type="stmt"/>
        <line num="140" count="2" type="stmt"/>
        <line num="143" count="2" type="stmt"/>
        <line num="144" count="2" type="stmt"/>
        <line num="145" count="2" type="cond" truecount="1" falsecount="1"/>
        <line num="146" count="0" type="stmt"/>
        <line num="147" count="0" type="stmt"/>
        <line num="148" count="2" type="cond" truecount="1" falsecount="1"/>
        <line num="149" count="0" type="stmt"/>
        <line num="150" count="0" type="stmt"/>
        <line num="154" count="2" type="stmt"/>
        <line num="156" count="2" type="stmt"/>
        <line num="161" count="2" type="cond" truecount="1" falsecount="1"/>
        <line num="162" count="2" type="stmt"/>
        <line num="163" count="2" type="stmt"/>
        <line num="166" count="2" type="stmt"/>
        <line num="167" count="12" type="stmt"/>
        <line num="168" count="12" type="stmt"/>
        <line num="169" count="12" type="cond" truecount="2" falsecount="0"/>
        <line num="170" count="12" type="stmt"/>
        <line num="172" count="12" type="stmt"/>
        <line num="184" count="2" type="stmt"/>
        <line num="185" count="2" type="stmt"/>
        <line num="186" count="2" type="stmt"/>
        <line num="187" count="12" type="stmt"/>
        <line num="188" count="12" type="stmt"/>
        <line num="189" count="12" type="cond" truecount="4" falsecount="0"/>
        <line num="190" count="2" type="stmt"/>
        <line num="194" count="2" type="stmt"/>
        <line num="196" count="2" type="stmt"/>
        <line num="212" count="2" type="stmt"/>
        <line num="220" count="2" type="stmt"/>
        <line num="223" count="13" type="cond" truecount="4" falsecount="0"/>
        <line num="224" count="2" type="cond" truecount="1" falsecount="1"/>
        <line num="232" count="2" type="stmt"/>
        <line num="270" count="0" type="stmt"/>
        <line num="291" count="12" type="stmt"/>
        <line num="323" count="11" type="stmt"/>
        <line num="325" count="11" type="cond" truecount="2" falsecount="0"/>
        <line num="326" count="11" type="cond" truecount="4" falsecount="0"/>
        <line num="328" count="5" type="stmt"/>
        <line num="342" count="1" type="stmt"/>
        <line num="362" count="0" type="stmt"/>
        <line num="384" count="0" type="stmt"/>
        <line num="395" count="2" type="stmt"/>
        <line num="405" count="2" type="stmt"/>
        <line num="413" count="1" type="stmt"/>
        <line num="417" count="1" type="stmt"/>
        <line num="421" count="0" type="stmt"/>
        <line num="425" count="0" type="stmt"/>
        <line num="432" count="0" type="stmt"/>
        <line num="442" count="2" type="stmt"/>
        <line num="448" count="1" type="stmt"/>
        <line num="452" count="1" type="stmt"/>
        <line num="456" count="0" type="stmt"/>
        <line num="463" count="0" type="stmt"/>
        <line num="471" count="2" type="cond" truecount="1" falsecount="1"/>
        <line num="472" count="2" type="stmt"/>
        <line num="473" count="2" type="cond" truecount="1" falsecount="1"/>
        <line num="475" count="2" type="cond" truecount="2" falsecount="0"/>
        <line num="477" count="2" type="stmt"/>
        <line num="487" count="0" type="stmt"/>
        <line num="494" count="0" type="stmt"/>
        <line num="509" count="0" type="stmt"/>
        <line num="564" count="0" type="stmt"/>
        <line num="579" count="11" type="stmt"/>
        <line num="585" count="44" type="stmt"/>
      </file>
    </package>
    <package name="components.ui">
      <metrics statements="5" coveredstatements="5" conditionals="3" coveredconditionals="2" methods="3" coveredmethods="3"/>
      <file name="button.tsx" path="C:\Users\DELL\Desktop\v0-bizgo-ai-israel-website\components\ui\button.tsx">
        <metrics statements="3" coveredstatements="3" conditionals="3" coveredconditionals="2" methods="1" coveredmethods="1"/>
        <line num="7" count="5" type="stmt"/>
        <line num="49" count="28" type="cond" truecount="1" falsecount="1"/>
        <line num="51" count="28" type="stmt"/>
      </file>
      <file name="input.tsx" path="C:\Users\DELL\Desktop\v0-bizgo-ai-israel-website\components\ui\input.tsx">
        <metrics statements="1" coveredstatements="1" conditionals="0" coveredconditionals="0" methods="1" coveredmethods="1"/>
        <line num="6" count="17" type="stmt"/>
      </file>
      <file name="label.tsx" path="C:\Users\DELL\Desktop\v0-bizgo-ai-israel-website\components\ui\label.tsx">
        <metrics statements="1" coveredstatements="1" conditionals="0" coveredconditionals="0" methods="1" coveredmethods="1"/>
        <line num="12" count="12" type="stmt"/>
      </file>
    </package>
    <package name="contexts">
      <metrics statements="17" coveredstatements="16" conditionals="2" coveredconditionals="1" methods="3" coveredmethods="3"/>
      <file name="simulator-context.tsx" path="C:\Users\DELL\Desktop\v0-bizgo-ai-israel-website\contexts\simulator-context.tsx">
        <metrics statements="17" coveredstatements="16" conditionals="2" coveredconditionals="1" methods="3" coveredmethods="3"/>
        <line num="62" count="6" type="stmt"/>
        <line num="65" count="18" type="stmt"/>
        <line num="66" count="18" type="stmt"/>
        <line num="67" count="18" type="stmt"/>
        <line num="68" count="18" type="stmt"/>
        <line num="69" count="18" type="stmt"/>
        <line num="71" count="18" type="stmt"/>
        <line num="72" count="1" type="stmt"/>
        <line num="73" count="1" type="stmt"/>
        <line num="74" count="1" type="stmt"/>
        <line num="75" count="1" type="stmt"/>
        <line num="76" count="1" type="stmt"/>
        <line num="79" count="18" type="stmt"/>
        <line num="101" count="45" type="stmt"/>
        <line num="102" count="45" type="cond" truecount="1" falsecount="1"/>
        <line num="103" count="0" type="stmt"/>
        <line num="105" count="45" type="stmt"/>
      </file>
    </package>
    <package name="lib">
      <metrics statements="1" coveredstatements="1" conditionals="0" coveredconditionals="0" methods="1" coveredmethods="1"/>
      <file name="utils.ts" path="C:\Users\DELL\Desktop\v0-bizgo-ai-israel-website\lib\utils.ts">
        <metrics statements="1" coveredstatements="1" conditionals="0" coveredconditionals="0" methods="1" coveredmethods="1"/>
        <line num="5" count="58" type="stmt"/>
      </file>
    </package>
    <package name="test.unit">
      <metrics statements="51" coveredstatements="51" conditionals="42" coveredconditionals="31" methods="6" coveredmethods="6"/>
      <file name="helpers.js" path="C:\Users\DELL\Desktop\v0-bizgo-ai-israel-website\test\unit\helpers.js">
        <metrics statements="51" coveredstatements="51" conditionals="42" coveredconditionals="31" methods="6" coveredmethods="6"/>
        <line num="2" count="3" type="stmt"/>
        <line num="5" count="6" type="stmt"/>
        <line num="6" count="6" type="stmt"/>
        <line num="7" count="6" type="stmt"/>
        <line num="11" count="5" type="cond" truecount="2" falsecount="0"/>
        <line num="12" count="3" type="cond" truecount="2" falsecount="0"/>
        <line num="13" count="1" type="stmt"/>
        <line num="17" count="2" type="cond" truecount="1" falsecount="1"/>
        <line num="18" count="2" type="cond" truecount="1" falsecount="1"/>
        <line num="19" count="2" type="stmt"/>
        <line num="21" count="2" type="stmt"/>
        <line num="23" count="2" type="stmt"/>
        <line num="24" count="2" type="cond" truecount="2" falsecount="0"/>
        <line num="25" count="2" type="cond" truecount="2" falsecount="0"/>
        <line num="26" count="1" type="cond" truecount="1" falsecount="1"/>
        <line num="28" count="2" type="cond" truecount="1" falsecount="1"/>
        <line num="29" count="2" type="cond" truecount="1" falsecount="1"/>
        <line num="30" count="2" type="cond" truecount="2" falsecount="0"/>
        <line num="32" count="2" type="stmt"/>
        <line num="33" count="2" type="cond" truecount="1" falsecount="1"/>
        <line num="35" count="2" type="stmt"/>
        <line num="36" count="2" type="stmt"/>
        <line num="37" count="2" type="cond" truecount="1" falsecount="1"/>
        <line num="38" count="2" type="cond" truecount="1" falsecount="1"/>
        <line num="39" count="2" type="stmt"/>
        <line num="42" count="2" type="cond" truecount="1" falsecount="1"/>
        <line num="43" count="2" type="cond" truecount="2" falsecount="0"/>
        <line num="44" count="2" type="stmt"/>
        <line num="46" count="2" type="stmt"/>
        <line num="47" count="2" type="stmt"/>
        <line num="49" count="2" type="stmt"/>
        <line num="50" count="2" type="stmt"/>
        <line num="52" count="2" type="stmt"/>
        <line num="53" count="2" type="cond" truecount="2" falsecount="0"/>
        <line num="54" count="1" type="cond" truecount="1" falsecount="1"/>
        <line num="56" count="2" type="stmt"/>
        <line num="57" count="2" type="stmt"/>
        <line num="58" count="2" type="cond" truecount="1" falsecount="1"/>
        <line num="59" count="2" type="stmt"/>
        <line num="60" count="2" type="stmt"/>
        <line num="62" count="2" type="stmt"/>
        <line num="63" count="12" type="stmt"/>
        <line num="64" count="12" type="stmt"/>
        <line num="65" count="12" type="cond" truecount="2" falsecount="0"/>
        <line num="66" count="12" type="stmt"/>
        <line num="67" count="12" type="stmt"/>
        <line num="70" count="2" type="stmt"/>
        <line num="71" count="2" type="stmt"/>
        <line num="72" count="12" type="cond" truecount="4" falsecount="0"/>
        <line num="74" count="2" type="stmt"/>
        <line num="77" count="3" type="stmt"/>
      </file>
    </package>
  </project>
</coverage>
