{"C:\\Users\\DELL\\Desktop\\v0-bizgo-ai-israel-website\\components\\simulator\\tool1-opportunity.tsx": {"path":"C:\\Users\\DELL\\Desktop\\v0-bizgo-ai-israel-website\\components\\simulator\\tool1-opportunity.tsx","statementMap":{"0":{"start":{"line":14,"column":30},"end":{"line":44,"column":1}},"1":{"start":{"line":47,"column":70},"end":{"line":47,"column":84}},"2":{"start":{"line":48,"column":44},"end":{"line":48,"column":55}},"3":{"start":{"line":49,"column":32},"end":{"line":49,"column":54}},"4":{"start":{"line":50,"column":34},"end":{"line":50,"column":54}},"5":{"start":{"line":51,"column":40},"end":{"line":51,"column":55}},"6":{"start":{"line":53,"column":23},"end":{"line":83,"column":3}},"7":{"start":{"line":54,"column":23},"end":{"line":54,"column":43}},"8":{"start":{"line":55,"column":4},"end":{"line":55,"column":26}},"9":{"start":{"line":57,"column":4},"end":{"line":82,"column":5}},"10":{"start":{"line":58,"column":6},"end":{"line":58,"column":41}},"11":{"start":{"line":61,"column":20},"end":{"line":61,"column":40}},"12":{"start":{"line":62,"column":22},"end":{"line":62,"column":42}},"13":{"start":{"line":63,"column":29},"end":{"line":63,"column":49}},"14":{"start":{"line":64,"column":26},"end":{"line":64,"column":58}},"15":{"start":{"line":66,"column":20},"end":{"line":66,"column":43}},"16":{"start":{"line":72,"column":23},"end":{"line":72,"column":77}},"17":{"start":{"line":73,"column":6},"end":{"line":80,"column":8}},"18":{"start":{"line":81,"column":6},"end":{"line":81,"column":26}},"19":{"start":{"line":85,"column":21},"end":{"line":90,"column":3}},"20":{"start":{"line":86,"column":4},"end":{"line":89,"column":5}},"21":{"start":{"line":87,"column":6},"end":{"line":87,"column":41}},"22":{"start":{"line":88,"column":6},"end":{"line":88,"column":38}},"23":{"start":{"line":92,"column":24},"end":{"line":99,"column":3}},"24":{"start":{"line":94,"column":19},"end":{"line":94,"column":36}},"25":{"start":{"line":95,"column":4},"end":{"line":95,"column":136}},"26":{"start":{"line":95,"column":21},"end":{"line":95,"column":136}},"27":{"start":{"line":96,"column":4},"end":{"line":96,"column":129}},"28":{"start":{"line":96,"column":21},"end":{"line":96,"column":129}},"29":{"start":{"line":97,"column":4},"end":{"line":97,"column":137}},"30":{"start":{"line":97,"column":21},"end":{"line":97,"column":137}},"31":{"start":{"line":98,"column":4},"end":{"line":98,"column":128}},"32":{"start":{"line":100,"column":25},"end":{"line":106,"column":3}},"33":{"start":{"line":101,"column":19},"end":{"line":101,"column":36}},"34":{"start":{"line":102,"column":4},"end":{"line":102,"column":86}},"35":{"start":{"line":102,"column":21},"end":{"line":102,"column":86}},"36":{"start":{"line":103,"column":4},"end":{"line":103,"column":81}},"37":{"start":{"line":103,"column":21},"end":{"line":103,"column":81}},"38":{"start":{"line":104,"column":4},"end":{"line":104,"column":83}},"39":{"start":{"line":104,"column":21},"end":{"line":104,"column":83}},"40":{"start":{"line":105,"column":4},"end":{"line":105,"column":53}},"41":{"start":{"line":108,"column":2},"end":{"line":184,"column":3}},"42":{"start":{"line":109,"column":22},"end":{"line":109,"column":52}},"43":{"start":{"line":110,"column":31},"end":{"line":110,"column":78}},"44":{"start":{"line":112,"column":4},"end":{"line":183,"column":5}},"45":{"start":{"line":158,"column":16},"end":{"line":158,"column":32}},"46":{"start":{"line":159,"column":16},"end":{"line":159,"column":37}},"47":{"start":{"line":160,"column":16},"end":{"line":160,"column":35}},"48":{"start":{"line":161,"column":16},"end":{"line":161,"column":30}},"49":{"start":{"line":162,"column":16},"end":{"line":162,"column":31}},"50":{"start":{"line":171,"column":16},"end":{"line":171,"column":33}},"51":{"start":{"line":172,"column":16},"end":{"line":172,"column":37}},"52":{"start":{"line":173,"column":16},"end":{"line":173,"column":35}},"53":{"start":{"line":174,"column":16},"end":{"line":174,"column":30}},"54":{"start":{"line":186,"column":26},"end":{"line":186,"column":50}},"55":{"start":{"line":189,"column":28},"end":{"line":211,"column":6}},"56":{"start":{"line":190,"column":4},"end":{"line":210,"column":5}},"57":{"start":{"line":191,"column":14},"end":{"line":191,"column":38}},"58":{"start":{"line":192,"column":19},"end":{"line":192,"column":68}},"59":{"start":{"line":193,"column":6},"end":{"line":206,"column":7}},"60":{"start":{"line":194,"column":8},"end":{"line":200,"column":9}},"61":{"start":{"line":195,"column":10},"end":{"line":199,"column":19}},"62":{"start":{"line":201,"column":8},"end":{"line":205,"column":17}},"63":{"start":{"line":207,"column":6},"end":{"line":207,"column":14}},"64":{"start":{"line":209,"column":6},"end":{"line":209,"column":37}},"65":{"start":{"line":213,"column":2},"end":{"line":284,"column":3}},"66":{"start":{"line":218,"column":12},"end":{"line":223,"column":14}},"67":{"start":{"line":246,"column":31},"end":{"line":246,"column":58}},"68":{"start":{"line":262,"column":14},"end":{"line":268,"column":23}},"69":{"start":{"line":264,"column":31},"end":{"line":264,"column":58}}},"fnMap":{"0":{"name":"Tool1Opportunity","decl":{"start":{"line":46,"column":16},"end":{"line":46,"column":32}},"loc":{"start":{"line":46,"column":35},"end":{"line":285,"column":1}},"line":46},"1":{"name":"(anonymous_1)","decl":{"start":{"line":53,"column":23},"end":{"line":53,"column":24}},"loc":{"start":{"line":53,"column":43},"end":{"line":83,"column":3}},"line":53},"2":{"name":"(anonymous_2)","decl":{"start":{"line":85,"column":21},"end":{"line":85,"column":22}},"loc":{"start":{"line":85,"column":27},"end":{"line":90,"column":3}},"line":85},"3":{"name":"(anonymous_3)","decl":{"start":{"line":92,"column":24},"end":{"line":92,"column":25}},"loc":{"start":{"line":92,"column":43},"end":{"line":99,"column":3}},"line":92},"4":{"name":"(anonymous_4)","decl":{"start":{"line":100,"column":25},"end":{"line":100,"column":26}},"loc":{"start":{"line":100,"column":44},"end":{"line":106,"column":3}},"line":100},"5":{"name":"(anonymous_5)","decl":{"start":{"line":157,"column":23},"end":{"line":157,"column":24}},"loc":{"start":{"line":157,"column":29},"end":{"line":163,"column":15}},"line":157},"6":{"name":"(anonymous_6)","decl":{"start":{"line":170,"column":23},"end":{"line":170,"column":24}},"loc":{"start":{"line":170,"column":29},"end":{"line":175,"column":15}},"line":170},"7":{"name":"(anonymous_7)","decl":{"start":{"line":189,"column":29},"end":{"line":189,"column":30}},"loc":{"start":{"line":189,"column":35},"end":{"line":211,"column":3}},"line":189},"8":{"name":"(anonymous_8)","decl":{"start":{"line":217,"column":25},"end":{"line":217,"column":26}},"loc":{"start":{"line":218,"column":12},"end":{"line":223,"column":14}},"line":218},"9":{"name":"(anonymous_9)","decl":{"start":{"line":246,"column":24},"end":{"line":246,"column":25}},"loc":{"start":{"line":246,"column":31},"end":{"line":246,"column":58}},"line":246},"10":{"name":"(anonymous_10)","decl":{"start":{"line":261,"column":40},"end":{"line":261,"column":41}},"loc":{"start":{"line":262,"column":14},"end":{"line":268,"column":23}},"line":262},"11":{"name":"(anonymous_11)","decl":{"start":{"line":264,"column":25},"end":{"line":264,"column":26}},"loc":{"start":{"line":264,"column":31},"end":{"line":264,"column":58}},"line":264}},"branchMap":{"0":{"loc":{"start":{"line":57,"column":4},"end":{"line":82,"column":5}},"type":"if","locations":[{"start":{"line":57,"column":4},"end":{"line":82,"column":5}},{"start":{"line":59,"column":11},"end":{"line":82,"column":5}}],"line":57},"1":{"loc":{"start":{"line":72,"column":23},"end":{"line":72,"column":77}},"type":"cond-expr","locations":[{"start":{"line":72,"column":34},"end":{"line":72,"column":65}},{"start":{"line":72,"column":68},"end":{"line":72,"column":77}}],"line":72},"2":{"loc":{"start":{"line":86,"column":4},"end":{"line":89,"column":5}},"type":"if","locations":[{"start":{"line":86,"column":4},"end":{"line":89,"column":5}},{"start":{},"end":{}}],"line":86},"3":{"loc":{"start":{"line":95,"column":4},"end":{"line":95,"column":136}},"type":"if","locations":[{"start":{"line":95,"column":4},"end":{"line":95,"column":136}},{"start":{},"end":{}}],"line":95},"4":{"loc":{"start":{"line":96,"column":4},"end":{"line":96,"column":129}},"type":"if","locations":[{"start":{"line":96,"column":4},"end":{"line":96,"column":129}},{"start":{},"end":{}}],"line":96},"5":{"loc":{"start":{"line":97,"column":4},"end":{"line":97,"column":137}},"type":"if","locations":[{"start":{"line":97,"column":4},"end":{"line":97,"column":137}},{"start":{},"end":{}}],"line":97},"6":{"loc":{"start":{"line":102,"column":4},"end":{"line":102,"column":86}},"type":"if","locations":[{"start":{"line":102,"column":4},"end":{"line":102,"column":86}},{"start":{},"end":{}}],"line":102},"7":{"loc":{"start":{"line":103,"column":4},"end":{"line":103,"column":81}},"type":"if","locations":[{"start":{"line":103,"column":4},"end":{"line":103,"column":81}},{"start":{},"end":{}}],"line":103},"8":{"loc":{"start":{"line":104,"column":4},"end":{"line":104,"column":83}},"type":"if","locations":[{"start":{"line":104,"column":4},"end":{"line":104,"column":83}},{"start":{},"end":{}}],"line":104},"9":{"loc":{"start":{"line":108,"column":2},"end":{"line":184,"column":3}},"type":"if","locations":[{"start":{"line":108,"column":2},"end":{"line":184,"column":3}},{"start":{},"end":{}}],"line":108},"10":{"loc":{"start":{"line":108,"column":6},"end":{"line":108,"column":30}},"type":"binary-expr","locations":[{"start":{"line":108,"column":6},"end":{"line":108,"column":17}},{"start":{"line":108,"column":21},"end":{"line":108,"column":30}}],"line":108},"11":{"loc":{"start":{"line":110,"column":31},"end":{"line":110,"column":78}},"type":"cond-expr","locations":[{"start":{"line":110,"column":42},"end":{"line":110,"column":73}},{"start":{"line":110,"column":76},"end":{"line":110,"column":78}}],"line":110},"12":{"loc":{"start":{"line":115,"column":69},"end":{"line":115,"column":167}},"type":"cond-expr","locations":[{"start":{"line":115,"column":90},"end":{"line":115,"column":139}},{"start":{"line":115,"column":142},"end":{"line":115,"column":167}}],"line":115},"13":{"loc":{"start":{"line":192,"column":19},"end":{"line":192,"column":68}},"type":"cond-expr","locations":[{"start":{"line":192,"column":30},"end":{"line":192,"column":63}},{"start":{"line":192,"column":66},"end":{"line":192,"column":68}}],"line":192},"14":{"loc":{"start":{"line":193,"column":6},"end":{"line":206,"column":7}},"type":"if","locations":[{"start":{"line":193,"column":6},"end":{"line":206,"column":7}},{"start":{},"end":{}}],"line":193},"15":{"loc":{"start":{"line":194,"column":8},"end":{"line":200,"column":9}},"type":"if","locations":[{"start":{"line":194,"column":8},"end":{"line":200,"column":9}},{"start":{},"end":{}}],"line":194},"16":{"loc":{"start":{"line":221,"column":16},"end":{"line":221,"column":68}},"type":"cond-expr","locations":[{"start":{"line":221,"column":38},"end":{"line":221,"column":51}},{"start":{"line":221,"column":54},"end":{"line":221,"column":68}}],"line":221},"17":{"loc":{"start":{"line":230,"column":9},"end":{"line":232,"column":9}},"type":"binary-expr","locations":[{"start":{"line":230,"column":9},"end":{"line":230,"column":28}},{"start":{"line":231,"column":10},"end":{"line":231,"column":105}}],"line":230},"18":{"loc":{"start":{"line":234,"column":9},"end":{"line":236,"column":9}},"type":"binary-expr","locations":[{"start":{"line":234,"column":9},"end":{"line":234,"column":32}},{"start":{"line":235,"column":10},"end":{"line":235,"column":113}}],"line":234},"19":{"loc":{"start":{"line":239,"column":9},"end":{"line":253,"column":9}},"type":"binary-expr","locations":[{"start":{"line":239,"column":9},"end":{"line":239,"column":28}},{"start":{"line":240,"column":10},"end":{"line":252,"column":16}}],"line":239},"20":{"loc":{"start":{"line":260,"column":11},"end":{"line":270,"column":18}},"type":"cond-expr","locations":[{"start":{"line":261,"column":12},"end":{"line":269,"column":14}},{"start":{"line":270,"column":14},"end":{"line":270,"column":18}}],"line":260},"21":{"loc":{"start":{"line":273,"column":9},"end":{"line":281,"column":9}},"type":"binary-expr","locations":[{"start":{"line":273,"column":9},"end":{"line":273,"column":26}},{"start":{"line":274,"column":10},"end":{"line":280,"column":19}}],"line":273}},"s":{"0":1,"1":4,"2":4,"3":4,"4":4,"5":4,"6":4,"7":3,"8":3,"9":3,"10":2,"11":1,"12":1,"13":1,"14":1,"15":1,"16":1,"17":1,"18":1,"19":4,"20":0,"21":0,"22":0,"23":4,"24":1,"25":1,"26":1,"27":0,"28":0,"29":0,"30":0,"31":0,"32":4,"33":1,"34":1,"35":1,"36":0,"37":0,"38":0,"39":0,"40":0,"41":4,"42":1,"43":1,"44":1,"45":0,"46":0,"47":0,"48":0,"49":0,"50":0,"51":0,"52":0,"53":0,"54":3,"55":3,"56":3,"57":3,"58":3,"59":3,"60":3,"61":0,"62":3,"63":0,"64":0,"65":3,"66":9,"67":0,"68":11,"69":3},"f":{"0":4,"1":3,"2":0,"3":1,"4":1,"5":0,"6":0,"7":3,"8":9,"9":0,"10":11,"11":3},"b":{"0":[2,1],"1":[0,1],"2":[0,0],"3":[1,0],"4":[0,0],"5":[0,0],"6":[1,0],"7":[0,0],"8":[0,0],"9":[1,3],"10":[4,1],"11":[0,1],"12":[0,1],"13":[0,3],"14":[3,0],"15":[0,3],"16":[3,6],"17":[3,1],"18":[3,1],"19":[3,1],"20":[3,0],"21":[3,2]},"_coverageSchema":"1a1c01bbd47fc00a2c39e90264f33305004495a9","hash":"f3aff17ec6e9da4c0da970f78afa6aa1cb3dfa7f"}
,"C:\\Users\\DELL\\Desktop\\v0-bizgo-ai-israel-website\\components\\simulator\\tool2-safety.tsx": {"path":"C:\\Users\\DELL\\Desktop\\v0-bizgo-ai-israel-website\\components\\simulator\\tool2-safety.tsx","statementMap":{"0":{"start":{"line":17,"column":30},"end":{"line":46,"column":1}},"1":{"start":{"line":49,"column":81},"end":{"line":49,"column":95}},"2":{"start":{"line":50,"column":44},"end":{"line":50,"column":55}},"3":{"start":{"line":51,"column":32},"end":{"line":51,"column":54}},"4":{"start":{"line":52,"column":40},"end":{"line":52,"column":59}},"5":{"start":{"line":53,"column":40},"end":{"line":53,"column":55}},"6":{"start":{"line":55,"column":23},"end":{"line":112,"column":3}},"7":{"start":{"line":56,"column":23},"end":{"line":56,"column":41}},"8":{"start":{"line":57,"column":4},"end":{"line":57,"column":26}},"9":{"start":{"line":59,"column":4},"end":{"line":111,"column":5}},"10":{"start":{"line":60,"column":6},"end":{"line":60,"column":41}},"11":{"start":{"line":64,"column":8},"end":{"line":66,"column":26}},"12":{"start":{"line":69,"column":47},"end":{"line":69,"column":54}},"13":{"start":{"line":71,"column":6},"end":{"line":90,"column":7}},"14":{"start":{"line":72,"column":8},"end":{"line":72,"column":22}},"15":{"start":{"line":76,"column":10},"end":{"line":79,"column":30}},"16":{"start":{"line":83,"column":34},"end":{"line":83,"column":74}},"17":{"start":{"line":84,"column":29},"end":{"line":84,"column":83}},"18":{"start":{"line":87,"column":8},"end":{"line":89,"column":29}},"19":{"start":{"line":87,"column":31},"end":{"line":87,"column":45}},"20":{"start":{"line":88,"column":13},"end":{"line":89,"column":29}},"21":{"start":{"line":88,"column":38},"end":{"line":88,"column":55}},"22":{"start":{"line":89,"column":13},"end":{"line":89,"column":29}},"23":{"start":{"line":93,"column":20},"end":{"line":93,"column":109}},"24":{"start":{"line":93,"column":57},"end":{"line":93,"column":109}},"25":{"start":{"line":94,"column":17},"end":{"line":94,"column":44}},"26":{"start":{"line":95,"column":17},"end":{"line":95,"column":44}},"27":{"start":{"line":96,"column":17},"end":{"line":96,"column":44}},"28":{"start":{"line":97,"column":17},"end":{"line":97,"column":44}},"29":{"start":{"line":100,"column":27},"end":{"line":100,"column":86}},"30":{"start":{"line":102,"column":6},"end":{"line":109,"column":8}},"31":{"start":{"line":110,"column":6},"end":{"line":110,"column":26}},"32":{"start":{"line":114,"column":21},"end":{"line":119,"column":3}},"33":{"start":{"line":115,"column":4},"end":{"line":118,"column":5}},"34":{"start":{"line":116,"column":6},"end":{"line":116,"column":41}},"35":{"start":{"line":117,"column":6},"end":{"line":117,"column":38}},"36":{"start":{"line":121,"column":24},"end":{"line":130,"column":3}},"37":{"start":{"line":122,"column":4},"end":{"line":129,"column":5}},"38":{"start":{"line":124,"column":8},"end":{"line":124,"column":110}},"39":{"start":{"line":126,"column":8},"end":{"line":126,"column":113}},"40":{"start":{"line":128,"column":8},"end":{"line":128,"column":110}},"41":{"start":{"line":132,"column":25},"end":{"line":136,"column":3}},"42":{"start":{"line":133,"column":4},"end":{"line":133,"column":49}},"43":{"start":{"line":133,"column":20},"end":{"line":133,"column":49}},"44":{"start":{"line":134,"column":4},"end":{"line":134,"column":43}},"45":{"start":{"line":134,"column":20},"end":{"line":134,"column":43}},"46":{"start":{"line":135,"column":4},"end":{"line":135,"column":24}},"47":{"start":{"line":138,"column":24},"end":{"line":143,"column":3}},"48":{"start":{"line":139,"column":4},"end":{"line":139,"column":48}},"49":{"start":{"line":139,"column":19},"end":{"line":139,"column":48}},"50":{"start":{"line":140,"column":4},"end":{"line":140,"column":60}},"51":{"start":{"line":140,"column":19},"end":{"line":140,"column":60}},"52":{"start":{"line":141,"column":4},"end":{"line":141,"column":50}},"53":{"start":{"line":141,"column":19},"end":{"line":141,"column":50}},"54":{"start":{"line":142,"column":4},"end":{"line":142,"column":30}},"55":{"start":{"line":145,"column":23},"end":{"line":150,"column":3}},"56":{"start":{"line":146,"column":4},"end":{"line":146,"column":48}},"57":{"start":{"line":146,"column":20},"end":{"line":146,"column":48}},"58":{"start":{"line":147,"column":4},"end":{"line":147,"column":50}},"59":{"start":{"line":147,"column":20},"end":{"line":147,"column":50}},"60":{"start":{"line":148,"column":4},"end":{"line":148,"column":44}},"61":{"start":{"line":148,"column":20},"end":{"line":148,"column":44}},"62":{"start":{"line":149,"column":4},"end":{"line":149,"column":42}},"63":{"start":{"line":152,"column":27},"end":{"line":156,"column":3}},"64":{"start":{"line":153,"column":4},"end":{"line":153,"column":39}},"65":{"start":{"line":153,"column":19},"end":{"line":153,"column":39}},"66":{"start":{"line":154,"column":4},"end":{"line":154,"column":42}},"67":{"start":{"line":154,"column":19},"end":{"line":154,"column":42}},"68":{"start":{"line":155,"column":4},"end":{"line":155,"column":37}},"69":{"start":{"line":158,"column":22},"end":{"line":162,"column":3}},"70":{"start":{"line":159,"column":4},"end":{"line":159,"column":70}},"71":{"start":{"line":159,"column":19},"end":{"line":159,"column":70}},"72":{"start":{"line":160,"column":4},"end":{"line":160,"column":79}},"73":{"start":{"line":160,"column":19},"end":{"line":160,"column":79}},"74":{"start":{"line":161,"column":4},"end":{"line":161,"column":49}},"75":{"start":{"line":164,"column":2},"end":{"line":246,"column":3}},"76":{"start":{"line":166,"column":24},"end":{"line":166,"column":90}},"77":{"start":{"line":168,"column":27},"end":{"line":174,"column":5}},"78":{"start":{"line":169,"column":21},"end":{"line":169,"column":38}},"79":{"start":{"line":170,"column":6},"end":{"line":170,"column":107}},"80":{"start":{"line":170,"column":23},"end":{"line":170,"column":107}},"81":{"start":{"line":171,"column":6},"end":{"line":171,"column":113}},"82":{"start":{"line":171,"column":23},"end":{"line":171,"column":113}},"83":{"start":{"line":172,"column":6},"end":{"line":172,"column":116}},"84":{"start":{"line":172,"column":23},"end":{"line":172,"column":116}},"85":{"start":{"line":173,"column":6},"end":{"line":173,"column":107}},"86":{"start":{"line":176,"column":22},"end":{"line":176,"column":49}},"87":{"start":{"line":178,"column":26},"end":{"line":178,"column":95}},"88":{"start":{"line":180,"column":4},"end":{"line":245,"column":5}},"89":{"start":{"line":222,"column":16},"end":{"line":222,"column":32}},"90":{"start":{"line":223,"column":16},"end":{"line":223,"column":37}},"91":{"start":{"line":224,"column":16},"end":{"line":224,"column":35}},"92":{"start":{"line":225,"column":16},"end":{"line":225,"column":30}},"93":{"start":{"line":233,"column":16},"end":{"line":233,"column":33}},"94":{"start":{"line":234,"column":16},"end":{"line":234,"column":37}},"95":{"start":{"line":235,"column":16},"end":{"line":235,"column":35}},"96":{"start":{"line":236,"column":16},"end":{"line":236,"column":30}},"97":{"start":{"line":248,"column":26},"end":{"line":248,"column":50}},"98":{"start":{"line":252,"column":19},"end":{"line":252,"column":89}},"99":{"start":{"line":253,"column":31},"end":{"line":273,"column":3}},"100":{"start":{"line":254,"column":4},"end":{"line":272,"column":5}},"101":{"start":{"line":255,"column":6},"end":{"line":268,"column":7}},"102":{"start":{"line":256,"column":10},"end":{"line":262,"column":11}},"103":{"start":{"line":257,"column":12},"end":{"line":261,"column":21}},"104":{"start":{"line":263,"column":10},"end":{"line":267,"column":19}},"105":{"start":{"line":269,"column":6},"end":{"line":269,"column":14}},"106":{"start":{"line":271,"column":6},"end":{"line":271,"column":14}},"107":{"start":{"line":275,"column":2},"end":{"line":347,"column":3}},"108":{"start":{"line":280,"column":12},"end":{"line":285,"column":14}},"109":{"start":{"line":297,"column":14},"end":{"line":303,"column":23}},"110":{"start":{"line":299,"column":31},"end":{"line":299,"column":56}},"111":{"start":{"line":318,"column":33},"end":{"line":318,"column":71}},"112":{"start":{"line":325,"column":20},"end":{"line":325,"column":45}}},"fnMap":{"0":{"name":"Tool2Safety","decl":{"start":{"line":48,"column":16},"end":{"line":48,"column":27}},"loc":{"start":{"line":48,"column":30},"end":{"line":348,"column":1}},"line":48},"1":{"name":"(anonymous_1)","decl":{"start":{"line":55,"column":23},"end":{"line":55,"column":24}},"loc":{"start":{"line":55,"column":41},"end":{"line":112,"column":3}},"line":55},"2":{"name":"(anonymous_2)","decl":{"start":{"line":93,"column":20},"end":{"line":93,"column":21}},"loc":{"start":{"line":93,"column":57},"end":{"line":93,"column":109}},"line":93},"3":{"name":"(anonymous_3)","decl":{"start":{"line":114,"column":21},"end":{"line":114,"column":22}},"loc":{"start":{"line":114,"column":27},"end":{"line":119,"column":3}},"line":114},"4":{"name":"(anonymous_4)","decl":{"start":{"line":121,"column":24},"end":{"line":121,"column":25}},"loc":{"start":{"line":121,"column":64},"end":{"line":130,"column":3}},"line":121},"5":{"name":"(anonymous_5)","decl":{"start":{"line":132,"column":25},"end":{"line":132,"column":26}},"loc":{"start":{"line":132,"column":43},"end":{"line":136,"column":3}},"line":132},"6":{"name":"(anonymous_6)","decl":{"start":{"line":138,"column":24},"end":{"line":138,"column":25}},"loc":{"start":{"line":138,"column":42},"end":{"line":143,"column":3}},"line":138},"7":{"name":"(anonymous_7)","decl":{"start":{"line":145,"column":23},"end":{"line":145,"column":24}},"loc":{"start":{"line":145,"column":41},"end":{"line":150,"column":3}},"line":145},"8":{"name":"(anonymous_8)","decl":{"start":{"line":152,"column":27},"end":{"line":152,"column":28}},"loc":{"start":{"line":152,"column":45},"end":{"line":156,"column":3}},"line":152},"9":{"name":"(anonymous_9)","decl":{"start":{"line":158,"column":22},"end":{"line":158,"column":23}},"loc":{"start":{"line":158,"column":40},"end":{"line":162,"column":3}},"line":158},"10":{"name":"(anonymous_10)","decl":{"start":{"line":168,"column":27},"end":{"line":168,"column":28}},"loc":{"start":{"line":168,"column":46},"end":{"line":174,"column":5}},"line":168},"11":{"name":"(anonymous_11)","decl":{"start":{"line":221,"column":23},"end":{"line":221,"column":24}},"loc":{"start":{"line":221,"column":29},"end":{"line":226,"column":15}},"line":221},"12":{"name":"(anonymous_12)","decl":{"start":{"line":232,"column":23},"end":{"line":232,"column":24}},"loc":{"start":{"line":232,"column":29},"end":{"line":237,"column":15}},"line":232},"13":{"name":"(anonymous_13)","decl":{"start":{"line":253,"column":31},"end":{"line":253,"column":32}},"loc":{"start":{"line":253,"column":46},"end":{"line":273,"column":3}},"line":253},"14":{"name":"(anonymous_14)","decl":{"start":{"line":279,"column":25},"end":{"line":279,"column":26}},"loc":{"start":{"line":280,"column":12},"end":{"line":285,"column":14}},"line":280},"15":{"name":"(anonymous_15)","decl":{"start":{"line":296,"column":40},"end":{"line":296,"column":41}},"loc":{"start":{"line":297,"column":14},"end":{"line":303,"column":23}},"line":297},"16":{"name":"(anonymous_16)","decl":{"start":{"line":299,"column":25},"end":{"line":299,"column":26}},"loc":{"start":{"line":299,"column":31},"end":{"line":299,"column":56}},"line":299},"17":{"name":"(anonymous_17)","decl":{"start":{"line":318,"column":26},"end":{"line":318,"column":27}},"loc":{"start":{"line":318,"column":33},"end":{"line":318,"column":71}},"line":318},"18":{"name":"(anonymous_18)","decl":{"start":{"line":324,"column":27},"end":{"line":324,"column":28}},"loc":{"start":{"line":324,"column":33},"end":{"line":326,"column":19}},"line":324}},"branchMap":{"0":{"loc":{"start":{"line":59,"column":4},"end":{"line":111,"column":5}},"type":"if","locations":[{"start":{"line":59,"column":4},"end":{"line":111,"column":5}},{"start":{"line":61,"column":11},"end":{"line":111,"column":5}}],"line":59},"1":{"loc":{"start":{"line":64,"column":8},"end":{"line":66,"column":26}},"type":"binary-expr","locations":[{"start":{"line":64,"column":8},"end":{"line":64,"column":27}},{"start":{"line":65,"column":8},"end":{"line":65,"column":26}},{"start":{"line":66,"column":8},"end":{"line":66,"column":26}}],"line":64},"2":{"loc":{"start":{"line":71,"column":6},"end":{"line":90,"column":7}},"type":"if","locations":[{"start":{"line":71,"column":6},"end":{"line":90,"column":7}},{"start":{"line":73,"column":13},"end":{"line":90,"column":7}}],"line":71},"3":{"loc":{"start":{"line":83,"column":34},"end":{"line":83,"column":74}},"type":"binary-expr","locations":[{"start":{"line":83,"column":34},"end":{"line":83,"column":52}},{"start":{"line":83,"column":56},"end":{"line":83,"column":74}}],"line":83},"4":{"loc":{"start":{"line":84,"column":29},"end":{"line":84,"column":83}},"type":"cond-expr","locations":[{"start":{"line":84,"column":49},"end":{"line":84,"column":68}},{"start":{"line":84,"column":71},"end":{"line":84,"column":83}}],"line":84},"5":{"loc":{"start":{"line":87,"column":8},"end":{"line":89,"column":29}},"type":"if","locations":[{"start":{"line":87,"column":8},"end":{"line":89,"column":29}},{"start":{"line":88,"column":13},"end":{"line":89,"column":29}}],"line":87},"6":{"loc":{"start":{"line":88,"column":13},"end":{"line":89,"column":29}},"type":"if","locations":[{"start":{"line":88,"column":13},"end":{"line":89,"column":29}},{"start":{"line":89,"column":13},"end":{"line":89,"column":29}}],"line":88},"7":{"loc":{"start":{"line":93,"column":81},"end":{"line":93,"column":107}},"type":"cond-expr","locations":[{"start":{"line":93,"column":102},"end":{"line":93,"column":103}},{"start":{"line":93,"column":106},"end":{"line":93,"column":107}}],"line":93},"8":{"loc":{"start":{"line":115,"column":4},"end":{"line":118,"column":5}},"type":"if","locations":[{"start":{"line":115,"column":4},"end":{"line":118,"column":5}},{"start":{},"end":{}}],"line":115},"9":{"loc":{"start":{"line":122,"column":4},"end":{"line":129,"column":5}},"type":"switch","locations":[{"start":{"line":123,"column":6},"end":{"line":124,"column":110}},{"start":{"line":125,"column":6},"end":{"line":126,"column":113}},{"start":{"line":127,"column":6},"end":{"line":128,"column":110}}],"line":122},"10":{"loc":{"start":{"line":133,"column":4},"end":{"line":133,"column":49}},"type":"if","locations":[{"start":{"line":133,"column":4},"end":{"line":133,"column":49}},{"start":{},"end":{}}],"line":133},"11":{"loc":{"start":{"line":134,"column":4},"end":{"line":134,"column":43}},"type":"if","locations":[{"start":{"line":134,"column":4},"end":{"line":134,"column":43}},{"start":{},"end":{}}],"line":134},"12":{"loc":{"start":{"line":139,"column":4},"end":{"line":139,"column":48}},"type":"if","locations":[{"start":{"line":139,"column":4},"end":{"line":139,"column":48}},{"start":{},"end":{}}],"line":139},"13":{"loc":{"start":{"line":140,"column":4},"end":{"line":140,"column":60}},"type":"if","locations":[{"start":{"line":140,"column":4},"end":{"line":140,"column":60}},{"start":{},"end":{}}],"line":140},"14":{"loc":{"start":{"line":141,"column":4},"end":{"line":141,"column":50}},"type":"if","locations":[{"start":{"line":141,"column":4},"end":{"line":141,"column":50}},{"start":{},"end":{}}],"line":141},"15":{"loc":{"start":{"line":146,"column":4},"end":{"line":146,"column":48}},"type":"if","locations":[{"start":{"line":146,"column":4},"end":{"line":146,"column":48}},{"start":{},"end":{}}],"line":146},"16":{"loc":{"start":{"line":147,"column":4},"end":{"line":147,"column":50}},"type":"if","locations":[{"start":{"line":147,"column":4},"end":{"line":147,"column":50}},{"start":{},"end":{}}],"line":147},"17":{"loc":{"start":{"line":148,"column":4},"end":{"line":148,"column":44}},"type":"if","locations":[{"start":{"line":148,"column":4},"end":{"line":148,"column":44}},{"start":{},"end":{}}],"line":148},"18":{"loc":{"start":{"line":153,"column":4},"end":{"line":153,"column":39}},"type":"if","locations":[{"start":{"line":153,"column":4},"end":{"line":153,"column":39}},{"start":{},"end":{}}],"line":153},"19":{"loc":{"start":{"line":154,"column":4},"end":{"line":154,"column":42}},"type":"if","locations":[{"start":{"line":154,"column":4},"end":{"line":154,"column":42}},{"start":{},"end":{}}],"line":154},"20":{"loc":{"start":{"line":159,"column":4},"end":{"line":159,"column":70}},"type":"if","locations":[{"start":{"line":159,"column":4},"end":{"line":159,"column":70}},{"start":{},"end":{}}],"line":159},"21":{"loc":{"start":{"line":160,"column":4},"end":{"line":160,"column":79}},"type":"if","locations":[{"start":{"line":160,"column":4},"end":{"line":160,"column":79}},{"start":{},"end":{}}],"line":160},"22":{"loc":{"start":{"line":164,"column":2},"end":{"line":246,"column":3}},"type":"if","locations":[{"start":{"line":164,"column":2},"end":{"line":246,"column":3}},{"start":{},"end":{}}],"line":164},"23":{"loc":{"start":{"line":164,"column":6},"end":{"line":164,"column":30}},"type":"binary-expr","locations":[{"start":{"line":164,"column":6},"end":{"line":164,"column":17}},{"start":{"line":164,"column":21},"end":{"line":164,"column":30}}],"line":164},"24":{"loc":{"start":{"line":170,"column":6},"end":{"line":170,"column":107}},"type":"if","locations":[{"start":{"line":170,"column":6},"end":{"line":170,"column":107}},{"start":{},"end":{}}],"line":170},"25":{"loc":{"start":{"line":171,"column":6},"end":{"line":171,"column":113}},"type":"if","locations":[{"start":{"line":171,"column":6},"end":{"line":171,"column":113}},{"start":{},"end":{}}],"line":171},"26":{"loc":{"start":{"line":172,"column":6},"end":{"line":172,"column":116}},"type":"if","locations":[{"start":{"line":172,"column":6},"end":{"line":172,"column":116}},{"start":{},"end":{}}],"line":172},"27":{"loc":{"start":{"line":178,"column":26},"end":{"line":178,"column":95}},"type":"cond-expr","locations":[{"start":{"line":178,"column":48},"end":{"line":178,"column":90}},{"start":{"line":178,"column":93},"end":{"line":178,"column":95}}],"line":178},"28":{"loc":{"start":{"line":183,"column":69},"end":{"line":183,"column":149}},"type":"cond-expr","locations":[{"start":{"line":183,"column":85},"end":{"line":183,"column":125}},{"start":{"line":183,"column":128},"end":{"line":183,"column":149}}],"line":183},"29":{"loc":{"start":{"line":252,"column":19},"end":{"line":252,"column":89}},"type":"cond-expr","locations":[{"start":{"line":252,"column":41},"end":{"line":252,"column":84}},{"start":{"line":252,"column":87},"end":{"line":252,"column":89}}],"line":252},"30":{"loc":{"start":{"line":255,"column":6},"end":{"line":268,"column":7}},"type":"if","locations":[{"start":{"line":255,"column":6},"end":{"line":268,"column":7}},{"start":{},"end":{}}],"line":255},"31":{"loc":{"start":{"line":256,"column":10},"end":{"line":262,"column":11}},"type":"if","locations":[{"start":{"line":256,"column":10},"end":{"line":262,"column":11}},{"start":{},"end":{}}],"line":256},"32":{"loc":{"start":{"line":283,"column":16},"end":{"line":283,"column":68}},"type":"cond-expr","locations":[{"start":{"line":283,"column":38},"end":{"line":283,"column":51}},{"start":{"line":283,"column":54},"end":{"line":283,"column":68}}],"line":283},"33":{"loc":{"start":{"line":295,"column":11},"end":{"line":333,"column":11}},"type":"cond-expr","locations":[{"start":{"line":296,"column":12},"end":{"line":304,"column":14}},{"start":{"line":307,"column":12},"end":{"line":332,"column":18}}],"line":295},"34":{"loc":{"start":{"line":314,"column":21},"end":{"line":314,"column":53}},"type":"binary-expr","locations":[{"start":{"line":314,"column":21},"end":{"line":314,"column":48}},{"start":{"line":314,"column":52},"end":{"line":314,"column":53}}],"line":314},"35":{"loc":{"start":{"line":315,"column":21},"end":{"line":315,"column":54}},"type":"binary-expr","locations":[{"start":{"line":315,"column":21},"end":{"line":315,"column":48}},{"start":{"line":315,"column":52},"end":{"line":315,"column":54}}],"line":315},"36":{"loc":{"start":{"line":336,"column":9},"end":{"line":344,"column":9}},"type":"binary-expr","locations":[{"start":{"line":336,"column":9},"end":{"line":336,"column":26}},{"start":{"line":337,"column":10},"end":{"line":343,"column":19}}],"line":336}},"s":{"0":2,"1":18,"2":18,"3":18,"4":18,"5":18,"6":18,"7":12,"8":12,"9":12,"10":9,"11":3,"12":3,"13":3,"14":1,"15":2,"16":2,"17":2,"18":2,"19":0,"20":2,"21":0,"22":2,"23":3,"24":12,"25":3,"26":3,"27":3,"28":3,"29":3,"30":3,"31":3,"32":18,"33":0,"34":0,"35":0,"36":18,"37":0,"38":0,"39":0,"40":0,"41":18,"42":0,"43":0,"44":0,"45":0,"46":0,"47":18,"48":0,"49":0,"50":0,"51":0,"52":0,"53":0,"54":0,"55":18,"56":0,"57":0,"58":0,"59":0,"60":0,"61":0,"62":0,"63":18,"64":0,"65":0,"66":0,"67":0,"68":0,"69":18,"70":0,"71":0,"72":0,"73":0,"74":0,"75":18,"76":3,"77":3,"78":3,"79":3,"80":1,"81":2,"82":1,"83":1,"84":0,"85":1,"86":3,"87":3,"88":3,"89":0,"90":0,"91":0,"92":0,"93":0,"94":0,"95":0,"96":0,"97":15,"98":15,"99":15,"100":15,"101":15,"102":15,"103":0,"104":15,"105":0,"106":0,"107":15,"108":60,"109":18,"110":6,"111":3,"112":6},"f":{"0":18,"1":12,"2":12,"3":0,"4":0,"5":0,"6":0,"7":0,"8":0,"9":0,"10":3,"11":0,"12":0,"13":15,"14":60,"15":18,"16":6,"17":3,"18":6},"b":{"0":[9,3],"1":[3,2,2],"2":[1,2],"3":[2,1],"4":[1,1],"5":[0,2],"6":[0,2],"7":[12,0],"8":[0,0],"9":[0,0,0],"10":[0,0],"11":[0,0],"12":[0,0],"13":[0,0],"14":[0,0],"15":[0,0],"16":[0,0],"17":[0,0],"18":[0,0],"19":[0,0],"20":[0,0],"21":[0,0],"22":[3,15],"23":[18,3],"24":[1,2],"25":[1,1],"26":[0,1],"27":[0,3],"28":[0,3],"29":[0,15],"30":[15,0],"31":[0,15],"32":[15,45],"33":[6,9],"34":[9,0],"35":[9,0],"36":[15,12]},"_coverageSchema":"1a1c01bbd47fc00a2c39e90264f33305004495a9","hash":"68987d2407b3cf6adf7135ebcd04e2465f99bf49"}
,"C:\\Users\\DELL\\Desktop\\v0-bizgo-ai-israel-website\\components\\simulator\\tool3-roi.tsx": {"path":"C:\\Users\\DELL\\Desktop\\v0-bizgo-ai-israel-website\\components\\simulator\\tool3-roi.tsx","statementMap":{"0":{"start":{"line":11,"column":22},"end":{"line":11,"column":58}},"1":{"start":{"line":17,"column":20},"end":{"line":17,"column":41}},"2":{"start":{"line":21,"column":29},"end":{"line":21,"column":58}},"3":{"start":{"line":23,"column":2},"end":{"line":23,"column":78}},"4":{"start":{"line":28,"column":2},"end":{"line":39,"column":3}},"5":{"start":{"line":30,"column":4},"end":{"line":30,"column":72}},"6":{"start":{"line":31,"column":9},"end":{"line":39,"column":3}},"7":{"start":{"line":34,"column":4},"end":{"line":34,"column":77}},"8":{"start":{"line":38,"column":4},"end":{"line":38,"column":78}},"9":{"start":{"line":43,"column":60},"end":{"line":43,"column":74}},"10":{"start":{"line":44,"column":26},"end":{"line":44,"column":37}},"11":{"start":{"line":45,"column":34},"end":{"line":50,"column":4}},"12":{"start":{"line":51,"column":40},"end":{"line":51,"column":94}},"13":{"start":{"line":52,"column":60},"end":{"line":52,"column":108}},"14":{"start":{"line":53,"column":38},"end":{"line":53,"column":86}},"15":{"start":{"line":54,"column":40},"end":{"line":54,"column":55}},"16":{"start":{"line":55,"column":32},"end":{"line":70,"column":17}},"17":{"start":{"line":72,"column":23},"end":{"line":221,"column":3}},"18":{"start":{"line":74,"column":18},"end":{"line":74,"column":107}},"19":{"start":{"line":74,"column":55},"end":{"line":74,"column":107}},"20":{"start":{"line":75,"column":25},"end":{"line":75,"column":61}},"21":{"start":{"line":76,"column":25},"end":{"line":76,"column":87}},"22":{"start":{"line":77,"column":23},"end":{"line":77,"column":59}},"23":{"start":{"line":78,"column":26},"end":{"line":78,"column":107}},"24":{"start":{"line":81,"column":23},"end":{"line":81,"column":58}},"25":{"start":{"line":82,"column":26},"end":{"line":82,"column":58}},"26":{"start":{"line":83,"column":26},"end":{"line":83,"column":75}},"27":{"start":{"line":86,"column":27},"end":{"line":86,"column":56}},"28":{"start":{"line":88,"column":30},"end":{"line":121,"column":8}},"29":{"start":{"line":89,"column":17},"end":{"line":89,"column":46}},"30":{"start":{"line":91,"column":6},"end":{"line":92,"column":55}},"31":{"start":{"line":91,"column":42},"end":{"line":91,"column":54}},"32":{"start":{"line":92,"column":11},"end":{"line":92,"column":55}},"33":{"start":{"line":92,"column":44},"end":{"line":92,"column":55}},"34":{"start":{"line":95,"column":23},"end":{"line":95,"column":41}},"35":{"start":{"line":96,"column":6},"end":{"line":97,"column":41}},"36":{"start":{"line":96,"column":25},"end":{"line":96,"column":37}},"37":{"start":{"line":97,"column":11},"end":{"line":97,"column":41}},"38":{"start":{"line":97,"column":30},"end":{"line":97,"column":41}},"39":{"start":{"line":100,"column":53},"end":{"line":105,"column":7}},"40":{"start":{"line":106,"column":6},"end":{"line":106,"column":48}},"41":{"start":{"line":109,"column":88},"end":{"line":113,"column":7}},"42":{"start":{"line":115,"column":22},"end":{"line":115,"column":55}},"43":{"start":{"line":116,"column":6},"end":{"line":116,"column":42}},"44":{"start":{"line":116,"column":19},"end":{"line":116,"column":42}},"45":{"start":{"line":118,"column":33},"end":{"line":118,"column":92}},"46":{"start":{"line":119,"column":20},"end":{"line":119,"column":70}},"47":{"start":{"line":120,"column":6},"end":{"line":120,"column":18}},"48":{"start":{"line":124,"column":30},"end":{"line":124,"column":92}},"49":{"start":{"line":126,"column":29},"end":{"line":126,"column":103}},"50":{"start":{"line":127,"column":37},"end":{"line":127,"column":63}},"51":{"start":{"line":130,"column":54},"end":{"line":130,"column":66}},"52":{"start":{"line":131,"column":4},"end":{"line":132,"column":114}},"53":{"start":{"line":131,"column":50},"end":{"line":131,"column":70}},"54":{"start":{"line":132,"column":9},"end":{"line":132,"column":114}},"55":{"start":{"line":132,"column":93},"end":{"line":132,"column":114}},"56":{"start":{"line":135,"column":30},"end":{"line":135,"column":64}},"57":{"start":{"line":136,"column":30},"end":{"line":136,"column":60}},"58":{"start":{"line":139,"column":25},"end":{"line":139,"column":66}},"59":{"start":{"line":140,"column":36},"end":{"line":140,"column":73}},"60":{"start":{"line":143,"column":25},"end":{"line":143,"column":28}},"61":{"start":{"line":144,"column":23},"end":{"line":144,"column":28}},"62":{"start":{"line":145,"column":4},"end":{"line":151,"column":5}},"63":{"start":{"line":146,"column":6},"end":{"line":146,"column":27}},"64":{"start":{"line":147,"column":6},"end":{"line":147,"column":25}},"65":{"start":{"line":148,"column":11},"end":{"line":151,"column":5}},"66":{"start":{"line":149,"column":6},"end":{"line":149,"column":27}},"67":{"start":{"line":150,"column":6},"end":{"line":150,"column":25}},"68":{"start":{"line":154,"column":36},"end":{"line":154,"column":76}},"69":{"start":{"line":156,"column":54},"end":{"line":160,"column":5}},"70":{"start":{"line":161,"column":32},"end":{"line":161,"column":77}},"71":{"start":{"line":162,"column":30},"end":{"line":162,"column":88}},"72":{"start":{"line":163,"column":29},"end":{"line":163,"column":65}},"73":{"start":{"line":166,"column":29},"end":{"line":181,"column":6}},"74":{"start":{"line":167,"column":20},"end":{"line":167,"column":29}},"75":{"start":{"line":168,"column":25},"end":{"line":168,"column":55}},"76":{"start":{"line":169,"column":36},"end":{"line":169,"column":66}},"77":{"start":{"line":170,"column":25},"end":{"line":170,"column":104}},"78":{"start":{"line":172,"column":6},"end":{"line":180,"column":7}},"79":{"start":{"line":184,"column":21},"end":{"line":184,"column":22}},"80":{"start":{"line":185,"column":25},"end":{"line":185,"column":26}},"81":{"start":{"line":186,"column":4},"end":{"line":192,"column":6}},"82":{"start":{"line":187,"column":6},"end":{"line":187,"column":34}},"83":{"start":{"line":188,"column":6},"end":{"line":188,"column":40}},"84":{"start":{"line":189,"column":6},"end":{"line":191,"column":7}},"85":{"start":{"line":190,"column":8},"end":{"line":190,"column":34}},"86":{"start":{"line":194,"column":26},"end":{"line":194,"column":36}},"87":{"start":{"line":196,"column":4},"end":{"line":210,"column":6}},"88":{"start":{"line":212,"column":4},"end":{"line":219,"column":6}},"89":{"start":{"line":220,"column":4},"end":{"line":220,"column":24}},"90":{"start":{"line":223,"column":2},"end":{"line":321,"column":3}},"91":{"start":{"line":224,"column":23},"end":{"line":230,"column":12}},"92":{"start":{"line":232,"column":4},"end":{"line":320,"column":5}},"93":{"start":{"line":270,"column":16},"end":{"line":270,"column":65}},"94":{"start":{"line":291,"column":18},"end":{"line":308,"column":23}},"95":{"start":{"line":323,"column":21},"end":{"line":577,"column":3}},"96":{"start":{"line":325,"column":25},"end":{"line":325,"column":50}},"97":{"start":{"line":326,"column":4},"end":{"line":576,"column":5}},"98":{"start":{"line":328,"column":8},"end":{"line":401,"column":9}},"99":{"start":{"line":342,"column":35},"end":{"line":342,"column":101}},"100":{"start":{"line":362,"column":35},"end":{"line":362,"column":101}},"101":{"start":{"line":384,"column":35},"end":{"line":384,"column":99}},"102":{"start":{"line":395,"column":29},"end":{"line":395,"column":39}},"103":{"start":{"line":405,"column":8},"end":{"line":438,"column":9}},"104":{"start":{"line":413,"column":41},"end":{"line":413,"column":64}},"105":{"start":{"line":413,"column":65},"end":{"line":413,"column":76}},"106":{"start":{"line":417,"column":41},"end":{"line":417,"column":66}},"107":{"start":{"line":417,"column":67},"end":{"line":417,"column":78}},"108":{"start":{"line":421,"column":41},"end":{"line":421,"column":63}},"109":{"start":{"line":421,"column":64},"end":{"line":421,"column":75}},"110":{"start":{"line":425,"column":41},"end":{"line":425,"column":64}},"111":{"start":{"line":425,"column":65},"end":{"line":425,"column":76}},"112":{"start":{"line":432,"column":37},"end":{"line":432,"column":47}},"113":{"start":{"line":442,"column":8},"end":{"line":469,"column":9}},"114":{"start":{"line":448,"column":39},"end":{"line":448,"column":72}},"115":{"start":{"line":448,"column":73},"end":{"line":448,"column":84}},"116":{"start":{"line":452,"column":39},"end":{"line":452,"column":75}},"117":{"start":{"line":452,"column":76},"end":{"line":452,"column":87}},"118":{"start":{"line":456,"column":39},"end":{"line":456,"column":72}},"119":{"start":{"line":456,"column":73},"end":{"line":456,"column":84}},"120":{"start":{"line":463,"column":37},"end":{"line":463,"column":47}},"121":{"start":{"line":471,"column":27},"end":{"line":471,"column":48}},"122":{"start":{"line":472,"column":31},"end":{"line":472,"column":60}},"123":{"start":{"line":473,"column":28},"end":{"line":473,"column":107}},"124":{"start":{"line":475,"column":10},"end":{"line":475,"column":97}},"125":{"start":{"line":477,"column":8},"end":{"line":575,"column":9}},"126":{"start":{"line":487,"column":33},"end":{"line":487,"column":59}},"127":{"start":{"line":494,"column":33},"end":{"line":494,"column":59}},"128":{"start":{"line":509,"column":33},"end":{"line":509,"column":100}},"129":{"start":{"line":564,"column":55},"end":{"line":564,"column":65}},"130":{"start":{"line":579,"column":2},"end":{"line":597,"column":3}},"131":{"start":{"line":585,"column":12},"end":{"line":590,"column":14}}},"fnMap":{"0":{"name":"calculateLearningHours","decl":{"start":{"line":14,"column":9},"end":{"line":14,"column":31}},"loc":{"start":{"line":14,"column":83},"end":{"line":24,"column":1}},"line":14},"1":{"name":"recommendToolTier","decl":{"start":{"line":27,"column":9},"end":{"line":27,"column":26}},"loc":{"start":{"line":27,"column":124},"end":{"line":40,"column":1}},"line":27},"2":{"name":"Tool3ROI","decl":{"start":{"line":42,"column":16},"end":{"line":42,"column":24}},"loc":{"start":{"line":42,"column":27},"end":{"line":598,"column":1}},"line":42},"3":{"name":"(anonymous_3)","decl":{"start":{"line":72,"column":23},"end":{"line":72,"column":24}},"loc":{"start":{"line":72,"column":29},"end":{"line":221,"column":3}},"line":72},"4":{"name":"(anonymous_4)","decl":{"start":{"line":74,"column":18},"end":{"line":74,"column":19}},"loc":{"start":{"line":74,"column":55},"end":{"line":74,"column":107}},"line":74},"5":{"name":"(anonymous_5)","decl":{"start":{"line":88,"column":31},"end":{"line":88,"column":32}},"loc":{"start":{"line":88,"column":37},"end":{"line":121,"column":5}},"line":88},"6":{"name":"(anonymous_6)","decl":{"start":{"line":166,"column":47},"end":{"line":166,"column":48}},"loc":{"start":{"line":166,"column":70},"end":{"line":181,"column":5}},"line":166},"7":{"name":"(anonymous_7)","decl":{"start":{"line":186,"column":29},"end":{"line":186,"column":30}},"loc":{"start":{"line":186,"column":38},"end":{"line":192,"column":5}},"line":186},"8":{"name":"(anonymous_8)","decl":{"start":{"line":269,"column":23},"end":{"line":269,"column":24}},"loc":{"start":{"line":269,"column":29},"end":{"line":271,"column":15}},"line":269},"9":{"name":"(anonymous_9)","decl":{"start":{"line":290,"column":46},"end":{"line":290,"column":47}},"loc":{"start":{"line":291,"column":18},"end":{"line":308,"column":23}},"line":291},"10":{"name":"(anonymous_10)","decl":{"start":{"line":323,"column":21},"end":{"line":323,"column":22}},"loc":{"start":{"line":323,"column":27},"end":{"line":577,"column":3}},"line":323},"11":{"name":"(anonymous_11)","decl":{"start":{"line":342,"column":28},"end":{"line":342,"column":29}},"loc":{"start":{"line":342,"column":35},"end":{"line":342,"column":101}},"line":342},"12":{"name":"(anonymous_12)","decl":{"start":{"line":362,"column":28},"end":{"line":362,"column":29}},"loc":{"start":{"line":362,"column":35},"end":{"line":362,"column":101}},"line":362},"13":{"name":"(anonymous_13)","decl":{"start":{"line":384,"column":28},"end":{"line":384,"column":29}},"loc":{"start":{"line":384,"column":35},"end":{"line":384,"column":99}},"line":384},"14":{"name":"(anonymous_14)","decl":{"start":{"line":395,"column":23},"end":{"line":395,"column":24}},"loc":{"start":{"line":395,"column":29},"end":{"line":395,"column":39}},"line":395},"15":{"name":"(anonymous_15)","decl":{"start":{"line":413,"column":33},"end":{"line":413,"column":34}},"loc":{"start":{"line":413,"column":39},"end":{"line":413,"column":78}},"line":413},"16":{"name":"(anonymous_16)","decl":{"start":{"line":417,"column":33},"end":{"line":417,"column":34}},"loc":{"start":{"line":417,"column":39},"end":{"line":417,"column":80}},"line":417},"17":{"name":"(anonymous_17)","decl":{"start":{"line":421,"column":33},"end":{"line":421,"column":34}},"loc":{"start":{"line":421,"column":39},"end":{"line":421,"column":77}},"line":421},"18":{"name":"(anonymous_18)","decl":{"start":{"line":425,"column":33},"end":{"line":425,"column":34}},"loc":{"start":{"line":425,"column":39},"end":{"line":425,"column":78}},"line":425},"19":{"name":"(anonymous_19)","decl":{"start":{"line":432,"column":31},"end":{"line":432,"column":32}},"loc":{"start":{"line":432,"column":37},"end":{"line":432,"column":47}},"line":432},"20":{"name":"(anonymous_20)","decl":{"start":{"line":448,"column":31},"end":{"line":448,"column":32}},"loc":{"start":{"line":448,"column":37},"end":{"line":448,"column":86}},"line":448},"21":{"name":"(anonymous_21)","decl":{"start":{"line":452,"column":31},"end":{"line":452,"column":32}},"loc":{"start":{"line":452,"column":37},"end":{"line":452,"column":89}},"line":452},"22":{"name":"(anonymous_22)","decl":{"start":{"line":456,"column":31},"end":{"line":456,"column":32}},"loc":{"start":{"line":456,"column":37},"end":{"line":456,"column":86}},"line":456},"23":{"name":"(anonymous_23)","decl":{"start":{"line":463,"column":31},"end":{"line":463,"column":32}},"loc":{"start":{"line":463,"column":37},"end":{"line":463,"column":47}},"line":463},"24":{"name":"(anonymous_24)","decl":{"start":{"line":487,"column":27},"end":{"line":487,"column":28}},"loc":{"start":{"line":487,"column":33},"end":{"line":487,"column":59}},"line":487},"25":{"name":"(anonymous_25)","decl":{"start":{"line":494,"column":27},"end":{"line":494,"column":28}},"loc":{"start":{"line":494,"column":33},"end":{"line":494,"column":59}},"line":494},"26":{"name":"(anonymous_26)","decl":{"start":{"line":509,"column":26},"end":{"line":509,"column":27}},"loc":{"start":{"line":509,"column":33},"end":{"line":509,"column":100}},"line":509},"27":{"name":"(anonymous_27)","decl":{"start":{"line":564,"column":49},"end":{"line":564,"column":50}},"loc":{"start":{"line":564,"column":55},"end":{"line":564,"column":65}},"line":564},"28":{"name":"(anonymous_28)","decl":{"start":{"line":584,"column":28},"end":{"line":584,"column":29}},"loc":{"start":{"line":585,"column":12},"end":{"line":590,"column":14}},"line":585}},"branchMap":{"0":{"loc":{"start":{"line":28,"column":2},"end":{"line":39,"column":3}},"type":"if","locations":[{"start":{"line":28,"column":2},"end":{"line":39,"column":3}},{"start":{"line":31,"column":9},"end":{"line":39,"column":3}}],"line":28},"1":{"loc":{"start":{"line":31,"column":9},"end":{"line":39,"column":3}},"type":"if","locations":[{"start":{"line":31,"column":9},"end":{"line":39,"column":3}},{"start":{"line":35,"column":9},"end":{"line":39,"column":3}}],"line":31},"2":{"loc":{"start":{"line":74,"column":79},"end":{"line":74,"column":105}},"type":"cond-expr","locations":[{"start":{"line":74,"column":100},"end":{"line":74,"column":101}},{"start":{"line":74,"column":104},"end":{"line":74,"column":105}}],"line":74},"3":{"loc":{"start":{"line":78,"column":38},"end":{"line":78,"column":106}},"type":"cond-expr","locations":[{"start":{"line":78,"column":80},"end":{"line":78,"column":102}},{"start":{"line":78,"column":105},"end":{"line":78,"column":106}}],"line":78},"4":{"loc":{"start":{"line":81,"column":29},"end":{"line":81,"column":50}},"type":"binary-expr","locations":[{"start":{"line":81,"column":29},"end":{"line":81,"column":45}},{"start":{"line":81,"column":49},"end":{"line":81,"column":50}}],"line":81},"5":{"loc":{"start":{"line":82,"column":32},"end":{"line":82,"column":50}},"type":"binary-expr","locations":[{"start":{"line":82,"column":32},"end":{"line":82,"column":45}},{"start":{"line":82,"column":49},"end":{"line":82,"column":50}}],"line":82},"6":{"loc":{"start":{"line":89,"column":17},"end":{"line":89,"column":46}},"type":"binary-expr","locations":[{"start":{"line":89,"column":17},"end":{"line":89,"column":41}},{"start":{"line":89,"column":45},"end":{"line":89,"column":46}}],"line":89},"7":{"loc":{"start":{"line":91,"column":6},"end":{"line":92,"column":55}},"type":"if","locations":[{"start":{"line":91,"column":6},"end":{"line":92,"column":55}},{"start":{"line":92,"column":11},"end":{"line":92,"column":55}}],"line":91},"8":{"loc":{"start":{"line":92,"column":11},"end":{"line":92,"column":55}},"type":"if","locations":[{"start":{"line":92,"column":11},"end":{"line":92,"column":55}},{"start":{},"end":{}}],"line":92},"9":{"loc":{"start":{"line":95,"column":23},"end":{"line":95,"column":41}},"type":"binary-expr","locations":[{"start":{"line":95,"column":23},"end":{"line":95,"column":36}},{"start":{"line":95,"column":40},"end":{"line":95,"column":41}}],"line":95},"10":{"loc":{"start":{"line":96,"column":6},"end":{"line":97,"column":41}},"type":"if","locations":[{"start":{"line":96,"column":6},"end":{"line":97,"column":41}},{"start":{"line":97,"column":11},"end":{"line":97,"column":41}}],"line":96},"11":{"loc":{"start":{"line":97,"column":11},"end":{"line":97,"column":41}},"type":"if","locations":[{"start":{"line":97,"column":11},"end":{"line":97,"column":41}},{"start":{},"end":{}}],"line":97},"12":{"loc":{"start":{"line":106,"column":14},"end":{"line":106,"column":48}},"type":"binary-expr","locations":[{"start":{"line":106,"column":14},"end":{"line":106,"column":41}},{"start":{"line":106,"column":45},"end":{"line":106,"column":48}}],"line":106},"13":{"loc":{"start":{"line":116,"column":6},"end":{"line":116,"column":42}},"type":"if","locations":[{"start":{"line":116,"column":6},"end":{"line":116,"column":42}},{"start":{},"end":{}}],"line":116},"14":{"loc":{"start":{"line":118,"column":52},"end":{"line":118,"column":90}},"type":"cond-expr","locations":[{"start":{"line":118,"column":62},"end":{"line":118,"column":86}},{"start":{"line":118,"column":89},"end":{"line":118,"column":90}}],"line":118},"15":{"loc":{"start":{"line":124,"column":30},"end":{"line":124,"column":92}},"type":"cond-expr","locations":[{"start":{"line":124,"column":59},"end":{"line":124,"column":76}},{"start":{"line":124,"column":79},"end":{"line":124,"column":92}}],"line":124},"16":{"loc":{"start":{"line":126,"column":57},"end":{"line":126,"column":102}},"type":"binary-expr","locations":[{"start":{"line":126,"column":57},"end":{"line":126,"column":81}},{"start":{"line":126,"column":85},"end":{"line":126,"column":102}}],"line":126},"17":{"loc":{"start":{"line":131,"column":4},"end":{"line":132,"column":114}},"type":"if","locations":[{"start":{"line":131,"column":4},"end":{"line":132,"column":114}},{"start":{"line":132,"column":9},"end":{"line":132,"column":114}}],"line":131},"18":{"loc":{"start":{"line":132,"column":9},"end":{"line":132,"column":114}},"type":"if","locations":[{"start":{"line":132,"column":9},"end":{"line":132,"column":114}},{"start":{},"end":{}}],"line":132},"19":{"loc":{"start":{"line":132,"column":13},"end":{"line":132,"column":91}},"type":"binary-expr","locations":[{"start":{"line":132,"column":13},"end":{"line":132,"column":41}},{"start":{"line":132,"column":45},"end":{"line":132,"column":91}}],"line":132},"20":{"loc":{"start":{"line":145,"column":4},"end":{"line":151,"column":5}},"type":"if","locations":[{"start":{"line":145,"column":4},"end":{"line":151,"column":5}},{"start":{"line":148,"column":11},"end":{"line":151,"column":5}}],"line":145},"21":{"loc":{"start":{"line":148,"column":11},"end":{"line":151,"column":5}},"type":"if","locations":[{"start":{"line":148,"column":11},"end":{"line":151,"column":5}},{"start":{},"end":{}}],"line":148},"22":{"loc":{"start":{"line":161,"column":32},"end":{"line":161,"column":77}},"type":"binary-expr","locations":[{"start":{"line":161,"column":32},"end":{"line":161,"column":72}},{"start":{"line":161,"column":76},"end":{"line":161,"column":77}}],"line":161},"23":{"loc":{"start":{"line":169,"column":36},"end":{"line":169,"column":66}},"type":"cond-expr","locations":[{"start":{"line":169,"column":50},"end":{"line":169,"column":62}},{"start":{"line":169,"column":65},"end":{"line":169,"column":66}}],"line":169},"24":{"loc":{"start":{"line":189,"column":6},"end":{"line":191,"column":7}},"type":"if","locations":[{"start":{"line":189,"column":6},"end":{"line":191,"column":7}},{"start":{},"end":{}}],"line":189},"25":{"loc":{"start":{"line":189,"column":10},"end":{"line":189,"column":49}},"type":"binary-expr","locations":[{"start":{"line":189,"column":10},"end":{"line":189,"column":30}},{"start":{"line":189,"column":34},"end":{"line":189,"column":49}}],"line":189},"26":{"loc":{"start":{"line":209,"column":19},"end":{"line":209,"column":44}},"type":"binary-expr","locations":[{"start":{"line":209,"column":19},"end":{"line":209,"column":36}},{"start":{"line":209,"column":40},"end":{"line":209,"column":44}}],"line":209},"27":{"loc":{"start":{"line":223,"column":2},"end":{"line":321,"column":3}},"type":"if","locations":[{"start":{"line":223,"column":2},"end":{"line":321,"column":3}},{"start":{},"end":{}}],"line":223},"28":{"loc":{"start":{"line":223,"column":6},"end":{"line":223,"column":28}},"type":"binary-expr","locations":[{"start":{"line":223,"column":6},"end":{"line":223,"column":17}},{"start":{"line":223,"column":21},"end":{"line":223,"column":28}}],"line":223},"29":{"loc":{"start":{"line":224,"column":23},"end":{"line":230,"column":12}},"type":"cond-expr","locations":[{"start":{"line":225,"column":8},"end":{"line":229,"column":27}},{"start":{"line":230,"column":8},"end":{"line":230,"column":12}}],"line":224},"30":{"loc":{"start":{"line":240,"column":13},"end":{"line":244,"column":13}},"type":"binary-expr","locations":[{"start":{"line":240,"column":13},"end":{"line":240,"column":23}},{"start":{"line":240,"column":27},"end":{"line":240,"column":47}},{"start":{"line":241,"column":14},"end":{"line":243,"column":18}}],"line":240},"31":{"loc":{"start":{"line":246,"column":28},"end":{"line":246,"column":110}},"type":"cond-expr","locations":[{"start":{"line":246,"column":58},"end":{"line":246,"column":90}},{"start":{"line":246,"column":93},"end":{"line":246,"column":110}}],"line":246},"32":{"loc":{"start":{"line":249,"column":27},"end":{"line":249,"column":53}},"type":"binary-expr","locations":[{"start":{"line":249,"column":27},"end":{"line":249,"column":46}},{"start":{"line":249,"column":50},"end":{"line":249,"column":53}}],"line":249},"33":{"loc":{"start":{"line":250,"column":40},"end":{"line":250,"column":63}},"type":"binary-expr","locations":[{"start":{"line":250,"column":40},"end":{"line":250,"column":56}},{"start":{"line":250,"column":60},"end":{"line":250,"column":63}}],"line":250},"34":{"loc":{"start":{"line":251,"column":42},"end":{"line":251,"column":66}},"type":"binary-expr","locations":[{"start":{"line":251,"column":42},"end":{"line":251,"column":59}},{"start":{"line":251,"column":63},"end":{"line":251,"column":66}}],"line":251},"35":{"loc":{"start":{"line":252,"column":37},"end":{"line":252,"column":157}},"type":"cond-expr","locations":[{"start":{"line":252,"column":62},"end":{"line":252,"column":69}},{"start":{"line":252,"column":72},"end":{"line":252,"column":157}}],"line":252},"36":{"loc":{"start":{"line":252,"column":72},"end":{"line":252,"column":157}},"type":"cond-expr","locations":[{"start":{"line":252,"column":99},"end":{"line":252,"column":108}},{"start":{"line":252,"column":111},"end":{"line":252,"column":157}}],"line":252},"37":{"loc":{"start":{"line":252,"column":111},"end":{"line":252,"column":157}},"type":"cond-expr","locations":[{"start":{"line":252,"column":135},"end":{"line":252,"column":142}},{"start":{"line":252,"column":145},"end":{"line":252,"column":157}}],"line":252},"38":{"loc":{"start":{"line":253,"column":32},"end":{"line":253,"column":239}},"type":"cond-expr","locations":[{"start":{"line":253,"column":67},"end":{"line":253,"column":100}},{"start":{"line":253,"column":103},"end":{"line":253,"column":239}}],"line":253},"39":{"loc":{"start":{"line":253,"column":103},"end":{"line":253,"column":239}},"type":"cond-expr","locations":[{"start":{"line":253,"column":141},"end":{"line":253,"column":170}},{"start":{"line":253,"column":173},"end":{"line":253,"column":239}}],"line":253},"40":{"loc":{"start":{"line":253,"column":173},"end":{"line":253,"column":239}},"type":"cond-expr","locations":[{"start":{"line":253,"column":208},"end":{"line":253,"column":233}},{"start":{"line":253,"column":236},"end":{"line":253,"column":239}}],"line":253},"41":{"loc":{"start":{"line":254,"column":42},"end":{"line":254,"column":114}},"type":"cond-expr","locations":[{"start":{"line":254,"column":74},"end":{"line":254,"column":108}},{"start":{"line":254,"column":111},"end":{"line":254,"column":114}}],"line":254},"42":{"loc":{"start":{"line":255,"column":41},"end":{"line":255,"column":111}},"type":"cond-expr","locations":[{"start":{"line":255,"column":72},"end":{"line":255,"column":105}},{"start":{"line":255,"column":108},"end":{"line":255,"column":111}}],"line":255},"43":{"loc":{"start":{"line":302,"column":58},"end":{"line":302,"column":113}},"type":"cond-expr","locations":[{"start":{"line":302,"column":80},"end":{"line":302,"column":96}},{"start":{"line":302,"column":99},"end":{"line":302,"column":113}}],"line":302},"44":{"loc":{"start":{"line":303,"column":23},"end":{"line":303,"column":53}},"type":"cond-expr","locations":[{"start":{"line":303,"column":45},"end":{"line":303,"column":48}},{"start":{"line":303,"column":51},"end":{"line":303,"column":53}}],"line":303},"45":{"loc":{"start":{"line":305,"column":58},"end":{"line":305,"column":120}},"type":"cond-expr","locations":[{"start":{"line":305,"column":87},"end":{"line":305,"column":103}},{"start":{"line":305,"column":106},"end":{"line":305,"column":120}}],"line":305},"46":{"loc":{"start":{"line":306,"column":23},"end":{"line":306,"column":60}},"type":"cond-expr","locations":[{"start":{"line":306,"column":52},"end":{"line":306,"column":55}},{"start":{"line":306,"column":58},"end":{"line":306,"column":60}}],"line":306},"47":{"loc":{"start":{"line":325,"column":25},"end":{"line":325,"column":50}},"type":"binary-expr","locations":[{"start":{"line":325,"column":25},"end":{"line":325,"column":44}},{"start":{"line":325,"column":48},"end":{"line":325,"column":50}}],"line":325},"48":{"loc":{"start":{"line":326,"column":4},"end":{"line":576,"column":5}},"type":"switch","locations":[{"start":{"line":327,"column":6},"end":{"line":401,"column":9}},{"start":{"line":403,"column":6},"end":{"line":438,"column":9}},{"start":{"line":440,"column":6},"end":{"line":469,"column":9}},{"start":{"line":470,"column":6},"end":{"line":575,"column":9}}],"line":326},"49":{"loc":{"start":{"line":331,"column":15},"end":{"line":331,"column":135}},"type":"cond-expr","locations":[{"start":{"line":331,"column":30},"end":{"line":331,"column":95}},{"start":{"line":331,"column":98},"end":{"line":331,"column":135}}],"line":331},"50":{"loc":{"start":{"line":408,"column":15},"end":{"line":410,"column":66}},"type":"cond-expr","locations":[{"start":{"line":409,"column":18},"end":{"line":409,"column":96}},{"start":{"line":410,"column":18},"end":{"line":410,"column":66}}],"line":408},"51":{"loc":{"start":{"line":445,"column":15},"end":{"line":445,"column":112}},"type":"cond-expr","locations":[{"start":{"line":445,"column":30},"end":{"line":445,"column":82}},{"start":{"line":445,"column":85},"end":{"line":445,"column":112}}],"line":445},"52":{"loc":{"start":{"line":471,"column":27},"end":{"line":471,"column":48}},"type":"binary-expr","locations":[{"start":{"line":471,"column":27},"end":{"line":471,"column":43}},{"start":{"line":471,"column":47},"end":{"line":471,"column":48}}],"line":471},"53":{"loc":{"start":{"line":473,"column":28},"end":{"line":473,"column":107}},"type":"binary-expr","locations":[{"start":{"line":473,"column":28},"end":{"line":473,"column":54}},{"start":{"line":473,"column":58},"end":{"line":473,"column":107}}],"line":473},"54":{"loc":{"start":{"line":475,"column":10},"end":{"line":475,"column":97}},"type":"binary-expr","locations":[{"start":{"line":475,"column":10},"end":{"line":475,"column":38}},{"start":{"line":475,"column":42},"end":{"line":475,"column":97}}],"line":475},"55":{"loc":{"start":{"line":480,"column":15},"end":{"line":480,"column":150}},"type":"cond-expr","locations":[{"start":{"line":480,"column":30},"end":{"line":480,"column":101}},{"start":{"line":480,"column":104},"end":{"line":480,"column":150}}],"line":480},"56":{"loc":{"start":{"line":488,"column":73},"end":{"line":488,"column":212}},"type":"cond-expr","locations":[{"start":{"line":488,"column":102},"end":{"line":488,"column":157}},{"start":{"line":488,"column":160},"end":{"line":488,"column":212}}],"line":488},"57":{"loc":{"start":{"line":495,"column":73},"end":{"line":495,"column":212}},"type":"cond-expr","locations":[{"start":{"line":495,"column":102},"end":{"line":495,"column":157}},{"start":{"line":495,"column":160},"end":{"line":495,"column":212}}],"line":495},"58":{"loc":{"start":{"line":508,"column":23},"end":{"line":508,"column":159}},"type":"cond-expr","locations":[{"start":{"line":508,"column":53},"end":{"line":508,"column":133}},{"start":{"line":508,"column":137},"end":{"line":508,"column":159}}],"line":508},"59":{"loc":{"start":{"line":508,"column":53},"end":{"line":508,"column":133}},"type":"cond-expr","locations":[{"start":{"line":508,"column":84},"end":{"line":508,"column":108}},{"start":{"line":508,"column":111},"end":{"line":508,"column":133}}],"line":508},"60":{"loc":{"start":{"line":511,"column":29},"end":{"line":511,"column":95}},"type":"cond-expr","locations":[{"start":{"line":511,"column":60},"end":{"line":511,"column":89}},{"start":{"line":511,"column":92},"end":{"line":511,"column":95}}],"line":511},"61":{"loc":{"start":{"line":514,"column":15},"end":{"line":517,"column":15}},"type":"binary-expr","locations":[{"start":{"line":514,"column":15},"end":{"line":514,"column":41}},{"start":{"line":515,"column":16},"end":{"line":516,"column":5}}],"line":514},"62":{"loc":{"start":{"line":521,"column":13},"end":{"line":534,"column":13}},"type":"binary-expr","locations":[{"start":{"line":521,"column":13},"end":{"line":521,"column":39}},{"start":{"line":521,"column":43},"end":{"line":521,"column":54}},{"start":{"line":522,"column":14},"end":{"line":533,"column":20}}],"line":521},"63":{"loc":{"start":{"line":536,"column":13},"end":{"line":546,"column":13}},"type":"binary-expr","locations":[{"start":{"line":536,"column":13},"end":{"line":536,"column":39}},{"start":{"line":536,"column":43},"end":{"line":536,"column":55}},{"start":{"line":536,"column":59},"end":{"line":536,"column":72}},{"start":{"line":537,"column":14},"end":{"line":545,"column":20}}],"line":536},"64":{"loc":{"start":{"line":548,"column":13},"end":{"line":561,"column":13}},"type":"binary-expr","locations":[{"start":{"line":548,"column":13},"end":{"line":548,"column":39}},{"start":{"line":548,"column":43},"end":{"line":548,"column":55}},{"start":{"line":549,"column":14},"end":{"line":560,"column":20}}],"line":548},"65":{"loc":{"start":{"line":555,"column":44},"end":{"line":555,"column":75}},"type":"binary-expr","locations":[{"start":{"line":555,"column":44},"end":{"line":555,"column":68}},{"start":{"line":555,"column":72},"end":{"line":555,"column":75}}],"line":555},"66":{"loc":{"start":{"line":588,"column":16},"end":{"line":588,"column":65}},"type":"cond-expr","locations":[{"start":{"line":588,"column":35},"end":{"line":588,"column":48}},{"start":{"line":588,"column":51},"end":{"line":588,"column":65}}],"line":588}},"s":{"0":2,"1":2,"2":2,"3":2,"4":4,"5":2,"6":2,"7":2,"8":0,"9":13,"10":13,"11":13,"12":13,"13":13,"14":13,"15":13,"16":13,"17":13,"18":2,"19":10,"20":2,"21":2,"22":2,"23":2,"24":2,"25":2,"26":2,"27":2,"28":2,"29":2,"30":2,"31":0,"32":2,"33":0,"34":2,"35":2,"36":0,"37":2,"38":0,"39":2,"40":2,"41":2,"42":2,"43":2,"44":2,"45":2,"46":2,"47":2,"48":2,"49":2,"50":2,"51":2,"52":2,"53":1,"54":1,"55":0,"56":2,"57":2,"58":2,"59":2,"60":2,"61":2,"62":2,"63":0,"64":0,"65":2,"66":0,"67":0,"68":2,"69":2,"70":2,"71":2,"72":2,"73":2,"74":12,"75":12,"76":12,"77":12,"78":12,"79":2,"80":2,"81":2,"82":12,"83":12,"84":12,"85":2,"86":2,"87":2,"88":2,"89":2,"90":13,"91":2,"92":2,"93":0,"94":12,"95":11,"96":11,"97":11,"98":5,"99":1,"100":0,"101":0,"102":2,"103":2,"104":1,"105":1,"106":1,"107":1,"108":0,"109":0,"110":0,"111":0,"112":0,"113":2,"114":1,"115":1,"116":1,"117":1,"118":0,"119":0,"120":0,"121":2,"122":2,"123":2,"124":2,"125":2,"126":0,"127":0,"128":0,"129":0,"130":11,"131":44},"f":{"0":2,"1":4,"2":13,"3":2,"4":10,"5":2,"6":12,"7":12,"8":0,"9":12,"10":11,"11":1,"12":0,"13":0,"14":2,"15":1,"16":1,"17":0,"18":0,"19":0,"20":1,"21":1,"22":0,"23":0,"24":0,"25":0,"26":0,"27":0,"28":44},"b":{"0":[2,2],"1":[2,0],"2":[10,0],"3":[2,0],"4":[2,0],"5":[2,0],"6":[2,1],"7":[0,2],"8":[0,2],"9":[2,0],"10":[0,2],"11":[0,2],"12":[2,0],"13":[2,0],"14":[2,0],"15":[2,0],"16":[2,1],"17":[1,1],"18":[0,1],"19":[1,0],"20":[0,2],"21":[0,2],"22":[2,0],"23":[2,10],"24":[2,10],"25":[12,3],"26":[2,0],"27":[2,11],"28":[13,2],"29":[2,0],"30":[2,2,0],"31":[2,0],"32":[2,1],"33":[2,0],"34":[2,0],"35":[1,1],"36":[1,0],"37":[0,0],"38":[1,1],"39":[1,0],"40":[0,0],"41":[1,1],"42":[1,1],"43":[11,1],"44":[11,1],"45":[11,1],"46":[11,1],"47":[11,6],"48":[5,2,2,2],"49":[2,3],"50":[1,1],"51":[1,1],"52":[2,0],"53":[2,0],"54":[2,1],"55":[1,1],"56":[2,0],"57":[0,2],"58":[2,0],"59":[1,1],"60":[1,1],"61":[2,2],"62":[2,0,0],"63":[2,0,0,0],"64":[2,0,0],"65":[0,0],"66":[11,33]},"_coverageSchema":"1a1c01bbd47fc00a2c39e90264f33305004495a9","hash":"6aa1e2ade9978edc11d23121558bb0d51d3270d1"}
,"C:\\Users\\DELL\\Desktop\\v0-bizgo-ai-israel-website\\components\\ui\\button.tsx": {"path":"C:\\Users\\DELL\\Desktop\\v0-bizgo-ai-israel-website\\components\\ui\\button.tsx","statementMap":{"0":{"start":{"line":7,"column":23},"end":{"line":37,"column":1}},"1":{"start":{"line":49,"column":15},"end":{"line":49,"column":40}},"2":{"start":{"line":51,"column":2},"end":{"line":57,"column":3}}},"fnMap":{"0":{"name":"Button","decl":{"start":{"line":39,"column":9},"end":{"line":39,"column":15}},"loc":{"start":{"line":48,"column":5},"end":{"line":58,"column":1}},"line":48}},"branchMap":{"0":{"loc":{"start":{"line":43,"column":2},"end":{"line":43,"column":17}},"type":"default-arg","locations":[{"start":{"line":43,"column":12},"end":{"line":43,"column":17}}],"line":43},"1":{"loc":{"start":{"line":49,"column":15},"end":{"line":49,"column":40}},"type":"cond-expr","locations":[{"start":{"line":49,"column":25},"end":{"line":49,"column":29}},{"start":{"line":49,"column":32},"end":{"line":49,"column":40}}],"line":49}},"s":{"0":5,"1":28,"2":28},"f":{"0":28},"b":{"0":[28],"1":[0,28]},"_coverageSchema":"1a1c01bbd47fc00a2c39e90264f33305004495a9","hash":"900866539cc9df1cb166a437f3f5516a89303955"}
,"C:\\Users\\DELL\\Desktop\\v0-bizgo-ai-israel-website\\components\\ui\\input.tsx": {"path":"C:\\Users\\DELL\\Desktop\\v0-bizgo-ai-israel-website\\components\\ui\\input.tsx","statementMap":{"0":{"start":{"line":6,"column":2},"end":{"line":18,"column":3}}},"fnMap":{"0":{"name":"Input","decl":{"start":{"line":5,"column":9},"end":{"line":5,"column":14}},"loc":{"start":{"line":5,"column":77},"end":{"line":19,"column":1}},"line":5}},"branchMap":{},"s":{"0":17},"f":{"0":17},"b":{},"_coverageSchema":"1a1c01bbd47fc00a2c39e90264f33305004495a9","hash":"e20800d41320ada90599442792c3e7db56b57a0c"}
,"C:\\Users\\DELL\\Desktop\\v0-bizgo-ai-israel-website\\components\\ui\\label.tsx": {"path":"C:\\Users\\DELL\\Desktop\\v0-bizgo-ai-israel-website\\components\\ui\\label.tsx","statementMap":{"0":{"start":{"line":12,"column":2},"end":{"line":21,"column":3}}},"fnMap":{"0":{"name":"Label","decl":{"start":{"line":8,"column":9},"end":{"line":8,"column":14}},"loc":{"start":{"line":11,"column":53},"end":{"line":22,"column":1}},"line":11}},"branchMap":{},"s":{"0":12},"f":{"0":12},"b":{},"_coverageSchema":"1a1c01bbd47fc00a2c39e90264f33305004495a9","hash":"8c76ce63867ab1efc9b773fc780b6c0d0a063628"}
,"C:\\Users\\DELL\\Desktop\\v0-bizgo-ai-israel-website\\contexts\\simulator-context.tsx": {"path":"C:\\Users\\DELL\\Desktop\\v0-bizgo-ai-israel-website\\contexts\\simulator-context.tsx","statementMap":{"0":{"start":{"line":62,"column":25},"end":{"line":62,"column":83}},"1":{"start":{"line":65,"column":40},"end":{"line":65,"column":62}},"2":{"start":{"line":66,"column":48},"end":{"line":66,"column":59}},"3":{"start":{"line":67,"column":36},"end":{"line":67,"column":68}},"4":{"start":{"line":68,"column":36},"end":{"line":68,"column":68}},"5":{"start":{"line":69,"column":36},"end":{"line":69,"column":68}},"6":{"start":{"line":71,"column":25},"end":{"line":77,"column":3}},"7":{"start":{"line":72,"column":4},"end":{"line":72,"column":21}},"8":{"start":{"line":73,"column":4},"end":{"line":73,"column":25}},"9":{"start":{"line":74,"column":4},"end":{"line":74,"column":22}},"10":{"start":{"line":75,"column":4},"end":{"line":75,"column":22}},"11":{"start":{"line":76,"column":4},"end":{"line":76,"column":22}},"12":{"start":{"line":79,"column":2},"end":{"line":97,"column":3}},"13":{"start":{"line":101,"column":18},"end":{"line":101,"column":46}},"14":{"start":{"line":102,"column":2},"end":{"line":104,"column":3}},"15":{"start":{"line":103,"column":4},"end":{"line":103,"column":75}},"16":{"start":{"line":105,"column":2},"end":{"line":105,"column":16}}},"fnMap":{"0":{"name":"SimulatorProvider","decl":{"start":{"line":64,"column":16},"end":{"line":64,"column":33}},"loc":{"start":{"line":64,"column":73},"end":{"line":98,"column":1}},"line":64},"1":{"name":"(anonymous_1)","decl":{"start":{"line":71,"column":25},"end":{"line":71,"column":26}},"loc":{"start":{"line":71,"column":31},"end":{"line":77,"column":3}},"line":71},"2":{"name":"useSimulator","decl":{"start":{"line":100,"column":16},"end":{"line":100,"column":28}},"loc":{"start":{"line":100,"column":31},"end":{"line":106,"column":1}},"line":100}},"branchMap":{"0":{"loc":{"start":{"line":102,"column":2},"end":{"line":104,"column":3}},"type":"if","locations":[{"start":{"line":102,"column":2},"end":{"line":104,"column":3}},{"start":{},"end":{}}],"line":102}},"s":{"0":6,"1":18,"2":18,"3":18,"4":18,"5":18,"6":18,"7":1,"8":1,"9":1,"10":1,"11":1,"12":18,"13":45,"14":45,"15":0,"16":45},"f":{"0":18,"1":1,"2":45},"b":{"0":[0,45]},"_coverageSchema":"1a1c01bbd47fc00a2c39e90264f33305004495a9","hash":"1c193e074cb89d93f1f7bcff76b1ff576cf35c0d"}
,"C:\\Users\\DELL\\Desktop\\v0-bizgo-ai-israel-website\\lib\\utils.ts": {"path":"C:\\Users\\DELL\\Desktop\\v0-bizgo-ai-israel-website\\lib\\utils.ts","statementMap":{"0":{"start":{"line":5,"column":2},"end":{"line":5,"column":30}}},"fnMap":{"0":{"name":"cn","decl":{"start":{"line":4,"column":16},"end":{"line":4,"column":18}},"loc":{"start":{"line":4,"column":44},"end":{"line":6,"column":1}},"line":4}},"branchMap":{},"s":{"0":58},"f":{"0":58},"b":{},"_coverageSchema":"1a1c01bbd47fc00a2c39e90264f33305004495a9","hash":"bdc931e86c15ef75d5e097cc947e9edfeb28a82c"}
,"C:\\Users\\DELL\\Desktop\\v0-bizgo-ai-israel-website\\test\\unit\\helpers.js": {"path":"C:\\Users\\DELL\\Desktop\\v0-bizgo-ai-israel-website\\test\\unit\\helpers.js","statementMap":{"0":{"start":{"line":2,"column":22},"end":{"line":2,"column":58}},"1":{"start":{"line":5,"column":20},"end":{"line":5,"column":41}},"2":{"start":{"line":6,"column":29},"end":{"line":6,"column":58}},"3":{"start":{"line":7,"column":2},"end":{"line":7,"column":78}},"4":{"start":{"line":11,"column":2},"end":{"line":11,"column":91}},"5":{"start":{"line":11,"column":23},"end":{"line":11,"column":91}},"6":{"start":{"line":12,"column":2},"end":{"line":12,"column":96}},"7":{"start":{"line":12,"column":23},"end":{"line":12,"column":96}},"8":{"start":{"line":13,"column":2},"end":{"line":13,"column":76}},"9":{"start":{"line":17,"column":21},"end":{"line":17,"column":42}},"10":{"start":{"line":18,"column":24},"end":{"line":18,"column":42}},"11":{"start":{"line":19,"column":24},"end":{"line":19,"column":73}},"12":{"start":{"line":21,"column":25},"end":{"line":21,"column":54}},"13":{"start":{"line":23,"column":28},"end":{"line":40,"column":6}},"14":{"start":{"line":24,"column":15},"end":{"line":24,"column":44}},"15":{"start":{"line":25,"column":4},"end":{"line":26,"column":53}},"16":{"start":{"line":25,"column":40},"end":{"line":25,"column":52}},"17":{"start":{"line":26,"column":9},"end":{"line":26,"column":53}},"18":{"start":{"line":26,"column":42},"end":{"line":26,"column":53}},"19":{"start":{"line":28,"column":21},"end":{"line":28,"column":39}},"20":{"start":{"line":29,"column":4},"end":{"line":30,"column":39}},"21":{"start":{"line":29,"column":23},"end":{"line":29,"column":35}},"22":{"start":{"line":30,"column":9},"end":{"line":30,"column":39}},"23":{"start":{"line":30,"column":28},"end":{"line":30,"column":39}},"24":{"start":{"line":32,"column":27},"end":{"line":32,"column":76}},"25":{"start":{"line":33,"column":4},"end":{"line":33,"column":51}},"26":{"start":{"line":35,"column":23},"end":{"line":35,"column":169}},"27":{"start":{"line":36,"column":20},"end":{"line":36,"column":58}},"28":{"start":{"line":37,"column":4},"end":{"line":37,"column":40}},"29":{"start":{"line":37,"column":17},"end":{"line":37,"column":40}},"30":{"start":{"line":38,"column":31},"end":{"line":38,"column":90}},"31":{"start":{"line":39,"column":4},"end":{"line":39,"column":61}},"32":{"start":{"line":42,"column":28},"end":{"line":42,"column":95}},"33":{"start":{"line":43,"column":27},"end":{"line":43,"column":101}},"34":{"start":{"line":44,"column":35},"end":{"line":44,"column":61}},"35":{"start":{"line":46,"column":28},"end":{"line":46,"column":62}},"36":{"start":{"line":47,"column":28},"end":{"line":47,"column":58}},"37":{"start":{"line":49,"column":23},"end":{"line":49,"column":64}},"38":{"start":{"line":50,"column":34},"end":{"line":50,"column":71}},"39":{"start":{"line":52,"column":23},"end":{"line":52,"column":26}},"40":{"start":{"line":53,"column":2},"end":{"line":54,"column":61}},"41":{"start":{"line":53,"column":38},"end":{"line":53,"column":59}},"42":{"start":{"line":54,"column":7},"end":{"line":54,"column":61}},"43":{"start":{"line":54,"column":40},"end":{"line":54,"column":61}},"44":{"start":{"line":56,"column":34},"end":{"line":56,"column":74}},"45":{"start":{"line":57,"column":28},"end":{"line":57,"column":65}},"46":{"start":{"line":58,"column":30},"end":{"line":58,"column":80}},"47":{"start":{"line":59,"column":28},"end":{"line":59,"column":86}},"48":{"start":{"line":60,"column":27},"end":{"line":60,"column":63}},"49":{"start":{"line":62,"column":27},"end":{"line":68,"column":4}},"50":{"start":{"line":63,"column":18},"end":{"line":63,"column":27}},"51":{"start":{"line":64,"column":23},"end":{"line":64,"column":53}},"52":{"start":{"line":65,"column":34},"end":{"line":65,"column":64}},"53":{"start":{"line":66,"column":23},"end":{"line":66,"column":102}},"54":{"start":{"line":67,"column":4},"end":{"line":67,"column":173}},"55":{"start":{"line":70,"column":19},"end":{"line":70,"column":20}},"56":{"start":{"line":71,"column":23},"end":{"line":71,"column":24}},"57":{"start":{"line":72,"column":2},"end":{"line":72,"column":178}},"58":{"start":{"line":72,"column":38},"end":{"line":72,"column":67}},"59":{"start":{"line":72,"column":68},"end":{"line":72,"column":103}},"60":{"start":{"line":72,"column":104},"end":{"line":72,"column":175}},"61":{"start":{"line":72,"column":149},"end":{"line":72,"column":175}},"62":{"start":{"line":74,"column":2},"end":{"line":74,"column":141}},"63":{"start":{"line":77,"column":0},"end":{"line":77,"column":76}}},"fnMap":{"0":{"name":"calculateLearningHours","decl":{"start":{"line":4,"column":9},"end":{"line":4,"column":31}},"loc":{"start":{"line":4,"column":59},"end":{"line":8,"column":1}},"line":4},"1":{"name":"recommendToolTier","decl":{"start":{"line":10,"column":9},"end":{"line":10,"column":26}},"loc":{"start":{"line":10,"column":39},"end":{"line":14,"column":1}},"line":10},"2":{"name":"calculateROI","decl":{"start":{"line":16,"column":9},"end":{"line":16,"column":21}},"loc":{"start":{"line":16,"column":109},"end":{"line":75,"column":1}},"line":16},"3":{"name":"(anonymous_3)","decl":{"start":{"line":23,"column":29},"end":{"line":23,"column":30}},"loc":{"start":{"line":23,"column":35},"end":{"line":40,"column":3}},"line":23},"4":{"name":"(anonymous_4)","decl":{"start":{"line":62,"column":45},"end":{"line":62,"column":46}},"loc":{"start":{"line":62,"column":68},"end":{"line":68,"column":3}},"line":62},"5":{"name":"(anonymous_5)","decl":{"start":{"line":72,"column":27},"end":{"line":72,"column":28}},"loc":{"start":{"line":72,"column":36},"end":{"line":72,"column":177}},"line":72}},"branchMap":{"0":{"loc":{"start":{"line":11,"column":2},"end":{"line":11,"column":91}},"type":"if","locations":[{"start":{"line":11,"column":2},"end":{"line":11,"column":91}},{"start":{},"end":{}}],"line":11},"1":{"loc":{"start":{"line":12,"column":2},"end":{"line":12,"column":96}},"type":"if","locations":[{"start":{"line":12,"column":2},"end":{"line":12,"column":96}},{"start":{},"end":{}}],"line":12},"2":{"loc":{"start":{"line":17,"column":21},"end":{"line":17,"column":42}},"type":"binary-expr","locations":[{"start":{"line":17,"column":21},"end":{"line":17,"column":37}},{"start":{"line":17,"column":41},"end":{"line":17,"column":42}}],"line":17},"3":{"loc":{"start":{"line":18,"column":24},"end":{"line":18,"column":42}},"type":"binary-expr","locations":[{"start":{"line":18,"column":24},"end":{"line":18,"column":37}},{"start":{"line":18,"column":41},"end":{"line":18,"column":42}}],"line":18},"4":{"loc":{"start":{"line":24,"column":15},"end":{"line":24,"column":44}},"type":"binary-expr","locations":[{"start":{"line":24,"column":15},"end":{"line":24,"column":39}},{"start":{"line":24,"column":43},"end":{"line":24,"column":44}}],"line":24},"5":{"loc":{"start":{"line":25,"column":4},"end":{"line":26,"column":53}},"type":"if","locations":[{"start":{"line":25,"column":4},"end":{"line":26,"column":53}},{"start":{"line":26,"column":9},"end":{"line":26,"column":53}}],"line":25},"6":{"loc":{"start":{"line":26,"column":9},"end":{"line":26,"column":53}},"type":"if","locations":[{"start":{"line":26,"column":9},"end":{"line":26,"column":53}},{"start":{},"end":{}}],"line":26},"7":{"loc":{"start":{"line":28,"column":21},"end":{"line":28,"column":39}},"type":"binary-expr","locations":[{"start":{"line":28,"column":21},"end":{"line":28,"column":34}},{"start":{"line":28,"column":38},"end":{"line":28,"column":39}}],"line":28},"8":{"loc":{"start":{"line":29,"column":4},"end":{"line":30,"column":39}},"type":"if","locations":[{"start":{"line":29,"column":4},"end":{"line":30,"column":39}},{"start":{"line":30,"column":9},"end":{"line":30,"column":39}}],"line":29},"9":{"loc":{"start":{"line":30,"column":9},"end":{"line":30,"column":39}},"type":"if","locations":[{"start":{"line":30,"column":9},"end":{"line":30,"column":39}},{"start":{},"end":{}}],"line":30},"10":{"loc":{"start":{"line":33,"column":12},"end":{"line":33,"column":51}},"type":"binary-expr","locations":[{"start":{"line":33,"column":12},"end":{"line":33,"column":44}},{"start":{"line":33,"column":48},"end":{"line":33,"column":51}}],"line":33},"11":{"loc":{"start":{"line":37,"column":4},"end":{"line":37,"column":40}},"type":"if","locations":[{"start":{"line":37,"column":4},"end":{"line":37,"column":40}},{"start":{},"end":{}}],"line":37},"12":{"loc":{"start":{"line":38,"column":50},"end":{"line":38,"column":88}},"type":"cond-expr","locations":[{"start":{"line":38,"column":60},"end":{"line":38,"column":84}},{"start":{"line":38,"column":87},"end":{"line":38,"column":88}}],"line":38},"13":{"loc":{"start":{"line":42,"column":28},"end":{"line":42,"column":95}},"type":"cond-expr","locations":[{"start":{"line":42,"column":62},"end":{"line":42,"column":79}},{"start":{"line":42,"column":82},"end":{"line":42,"column":95}}],"line":42},"14":{"loc":{"start":{"line":43,"column":55},"end":{"line":43,"column":100}},"type":"binary-expr","locations":[{"start":{"line":43,"column":55},"end":{"line":43,"column":79}},{"start":{"line":43,"column":83},"end":{"line":43,"column":100}}],"line":43},"15":{"loc":{"start":{"line":53,"column":2},"end":{"line":54,"column":61}},"type":"if","locations":[{"start":{"line":53,"column":2},"end":{"line":54,"column":61}},{"start":{"line":54,"column":7},"end":{"line":54,"column":61}}],"line":53},"16":{"loc":{"start":{"line":54,"column":7},"end":{"line":54,"column":61}},"type":"if","locations":[{"start":{"line":54,"column":7},"end":{"line":54,"column":61}},{"start":{},"end":{}}],"line":54},"17":{"loc":{"start":{"line":58,"column":30},"end":{"line":58,"column":80}},"type":"binary-expr","locations":[{"start":{"line":58,"column":30},"end":{"line":58,"column":75}},{"start":{"line":58,"column":79},"end":{"line":58,"column":80}}],"line":58},"18":{"loc":{"start":{"line":65,"column":34},"end":{"line":65,"column":64}},"type":"cond-expr","locations":[{"start":{"line":65,"column":48},"end":{"line":65,"column":60}},{"start":{"line":65,"column":63},"end":{"line":65,"column":64}}],"line":65},"19":{"loc":{"start":{"line":72,"column":104},"end":{"line":72,"column":175}},"type":"if","locations":[{"start":{"line":72,"column":104},"end":{"line":72,"column":175}},{"start":{},"end":{}}],"line":72},"20":{"loc":{"start":{"line":72,"column":108},"end":{"line":72,"column":147}},"type":"binary-expr","locations":[{"start":{"line":72,"column":108},"end":{"line":72,"column":128}},{"start":{"line":72,"column":132},"end":{"line":72,"column":147}}],"line":72}},"s":{"0":3,"1":6,"2":6,"3":6,"4":5,"5":2,"6":3,"7":2,"8":1,"9":2,"10":2,"11":2,"12":2,"13":2,"14":2,"15":2,"16":1,"17":1,"18":0,"19":2,"20":2,"21":0,"22":2,"23":1,"24":2,"25":2,"26":2,"27":2,"28":2,"29":2,"30":2,"31":2,"32":2,"33":2,"34":2,"35":2,"36":2,"37":2,"38":2,"39":2,"40":2,"41":1,"42":1,"43":0,"44":2,"45":2,"46":2,"47":2,"48":2,"49":2,"50":12,"51":12,"52":12,"53":12,"54":12,"55":2,"56":2,"57":2,"58":12,"59":12,"60":12,"61":2,"62":2,"63":3},"f":{"0":6,"1":5,"2":2,"3":2,"4":12,"5":12},"b":{"0":[2,3],"1":[2,1],"2":[2,0],"3":[2,0],"4":[2,1],"5":[1,1],"6":[0,1],"7":[2,0],"8":[0,2],"9":[1,1],"10":[2,0],"11":[2,0],"12":[2,0],"13":[2,0],"14":[2,1],"15":[1,1],"16":[0,1],"17":[2,0],"18":[2,10],"19":[2,10],"20":[12,3]},"_coverageSchema":"1a1c01bbd47fc00a2c39e90264f33305004495a9","hash":"7a19f97f95d8d7233d6dea1cb9a1dbf71188aabe"}
}
