TN:
SF:components\simulator\tool1-opportunity.tsx
FN:46,Tool1Opportunity
FN:53,(anonymous_1)
FN:85,(anonymous_2)
FN:92,(anonymous_3)
FN:100,(anonymous_4)
FN:157,(anonymous_5)
FN:170,(anonymous_6)
FN:189,(anonymous_7)
FN:217,(anonymous_8)
FN:246,(anonymous_9)
FN:261,(anonymous_10)
FN:264,(anonymous_11)
FNF:12
FNH:8
FNDA:4,Tool1Opportunity
FNDA:3,(anonymous_1)
FNDA:0,(anonymous_2)
FNDA:1,(anonymous_3)
FNDA:1,(anonymous_4)
FNDA:0,(anonymous_5)
FNDA:0,(anonymous_6)
FNDA:3,(anonymous_7)
FNDA:9,(anonymous_8)
FNDA:0,(anonymous_9)
FNDA:11,(anonymous_10)
FNDA:3,(anonymous_11)
DA:14,1
DA:47,4
DA:48,4
DA:49,4
DA:50,4
DA:51,4
DA:53,4
DA:54,3
DA:55,3
DA:57,3
DA:58,2
DA:61,1
DA:62,1
DA:63,1
DA:64,1
DA:66,1
DA:72,1
DA:73,1
DA:81,1
DA:85,4
DA:86,0
DA:87,0
DA:88,0
DA:92,4
DA:94,1
DA:95,1
DA:96,0
DA:97,0
DA:98,0
DA:100,4
DA:101,1
DA:102,1
DA:103,0
DA:104,0
DA:105,0
DA:108,4
DA:109,1
DA:110,1
DA:112,1
DA:158,0
DA:159,0
DA:160,0
DA:161,0
DA:162,0
DA:171,0
DA:172,0
DA:173,0
DA:174,0
DA:186,3
DA:189,3
DA:190,3
DA:191,3
DA:192,3
DA:193,3
DA:194,3
DA:195,0
DA:201,3
DA:207,0
DA:209,0
DA:213,3
DA:218,9
DA:246,0
DA:262,11
DA:264,3
LF:64
LH:42
BRDA:57,0,0,2
BRDA:57,0,1,1
BRDA:72,1,0,0
BRDA:72,1,1,1
BRDA:86,2,0,0
BRDA:86,2,1,0
BRDA:95,3,0,1
BRDA:95,3,1,0
BRDA:96,4,0,0
BRDA:96,4,1,0
BRDA:97,5,0,0
BRDA:97,5,1,0
BRDA:102,6,0,1
BRDA:102,6,1,0
BRDA:103,7,0,0
BRDA:103,7,1,0
BRDA:104,8,0,0
BRDA:104,8,1,0
BRDA:108,9,0,1
BRDA:108,9,1,3
BRDA:108,10,0,4
BRDA:108,10,1,1
BRDA:110,11,0,0
BRDA:110,11,1,1
BRDA:115,12,0,0
BRDA:115,12,1,1
BRDA:192,13,0,0
BRDA:192,13,1,3
BRDA:193,14,0,3
BRDA:193,14,1,0
BRDA:194,15,0,0
BRDA:194,15,1,3
BRDA:221,16,0,3
BRDA:221,16,1,6
BRDA:230,17,0,3
BRDA:230,17,1,1
BRDA:234,18,0,3
BRDA:234,18,1,1
BRDA:239,19,0,3
BRDA:239,19,1,1
BRDA:260,20,0,3
BRDA:260,20,1,0
BRDA:273,21,0,3
BRDA:273,21,1,2
BRF:44
BRH:25
end_of_record
TN:
SF:components\simulator\tool2-safety.tsx
FN:48,Tool2Safety
FN:55,(anonymous_1)
FN:93,(anonymous_2)
FN:114,(anonymous_3)
FN:121,(anonymous_4)
FN:132,(anonymous_5)
FN:138,(anonymous_6)
FN:145,(anonymous_7)
FN:152,(anonymous_8)
FN:158,(anonymous_9)
FN:168,(anonymous_10)
FN:221,(anonymous_11)
FN:232,(anonymous_12)
FN:253,(anonymous_13)
FN:279,(anonymous_14)
FN:296,(anonymous_15)
FN:299,(anonymous_16)
FN:318,(anonymous_17)
FN:324,(anonymous_18)
FNF:19
FNH:10
FNDA:18,Tool2Safety
FNDA:12,(anonymous_1)
FNDA:12,(anonymous_2)
FNDA:0,(anonymous_3)
FNDA:0,(anonymous_4)
FNDA:0,(anonymous_5)
FNDA:0,(anonymous_6)
FNDA:0,(anonymous_7)
FNDA:0,(anonymous_8)
FNDA:0,(anonymous_9)
FNDA:3,(anonymous_10)
FNDA:0,(anonymous_11)
FNDA:0,(anonymous_12)
FNDA:15,(anonymous_13)
FNDA:60,(anonymous_14)
FNDA:18,(anonymous_15)
FNDA:6,(anonymous_16)
FNDA:3,(anonymous_17)
FNDA:6,(anonymous_18)
DA:17,2
DA:49,18
DA:50,18
DA:51,18
DA:52,18
DA:53,18
DA:55,18
DA:56,12
DA:57,12
DA:59,12
DA:60,9
DA:64,3
DA:69,3
DA:71,3
DA:72,1
DA:76,2
DA:83,2
DA:84,2
DA:87,2
DA:88,2
DA:89,2
DA:93,12
DA:94,3
DA:95,3
DA:96,3
DA:97,3
DA:100,3
DA:102,3
DA:110,3
DA:114,18
DA:115,0
DA:116,0
DA:117,0
DA:121,18
DA:122,0
DA:124,0
DA:126,0
DA:128,0
DA:132,18
DA:133,0
DA:134,0
DA:135,0
DA:138,18
DA:139,0
DA:140,0
DA:141,0
DA:142,0
DA:145,18
DA:146,0
DA:147,0
DA:148,0
DA:149,0
DA:152,18
DA:153,0
DA:154,0
DA:155,0
DA:158,18
DA:159,0
DA:160,0
DA:161,0
DA:164,18
DA:166,3
DA:168,3
DA:169,3
DA:170,3
DA:171,2
DA:172,1
DA:173,1
DA:176,3
DA:178,3
DA:180,3
DA:222,0
DA:223,0
DA:224,0
DA:225,0
DA:233,0
DA:234,0
DA:235,0
DA:236,0
DA:248,15
DA:252,15
DA:253,15
DA:254,15
DA:255,15
DA:256,15
DA:257,0
DA:263,15
DA:269,0
DA:271,0
DA:275,15
DA:280,60
DA:297,18
DA:299,6
DA:318,3
DA:325,6
LF:95
LH:60
BRDA:59,0,0,9
BRDA:59,0,1,3
BRDA:64,1,0,3
BRDA:64,1,1,2
BRDA:64,1,2,2
BRDA:71,2,0,1
BRDA:71,2,1,2
BRDA:83,3,0,2
BRDA:83,3,1,1
BRDA:84,4,0,1
BRDA:84,4,1,1
BRDA:87,5,0,0
BRDA:87,5,1,2
BRDA:88,6,0,0
BRDA:88,6,1,2
BRDA:93,7,0,12
BRDA:93,7,1,0
BRDA:115,8,0,0
BRDA:115,8,1,0
BRDA:122,9,0,0
BRDA:122,9,1,0
BRDA:122,9,2,0
BRDA:133,10,0,0
BRDA:133,10,1,0
BRDA:134,11,0,0
BRDA:134,11,1,0
BRDA:139,12,0,0
BRDA:139,12,1,0
BRDA:140,13,0,0
BRDA:140,13,1,0
BRDA:141,14,0,0
BRDA:141,14,1,0
BRDA:146,15,0,0
BRDA:146,15,1,0
BRDA:147,16,0,0
BRDA:147,16,1,0
BRDA:148,17,0,0
BRDA:148,17,1,0
BRDA:153,18,0,0
BRDA:153,18,1,0
BRDA:154,19,0,0
BRDA:154,19,1,0
BRDA:159,20,0,0
BRDA:159,20,1,0
BRDA:160,21,0,0
BRDA:160,21,1,0
BRDA:164,22,0,3
BRDA:164,22,1,15
BRDA:164,23,0,18
BRDA:164,23,1,3
BRDA:170,24,0,1
BRDA:170,24,1,2
BRDA:171,25,0,1
BRDA:171,25,1,1
BRDA:172,26,0,0
BRDA:172,26,1,1
BRDA:178,27,0,0
BRDA:178,27,1,3
BRDA:183,28,0,0
BRDA:183,28,1,3
BRDA:252,29,0,0
BRDA:252,29,1,15
BRDA:255,30,0,15
BRDA:255,30,1,0
BRDA:256,31,0,0
BRDA:256,31,1,15
BRDA:283,32,0,15
BRDA:283,32,1,45
BRDA:295,33,0,6
BRDA:295,33,1,9
BRDA:314,34,0,9
BRDA:314,34,1,0
BRDA:315,35,0,9
BRDA:315,35,1,0
BRDA:336,36,0,15
BRDA:336,36,1,12
BRF:76
BRH:36
end_of_record
TN:
SF:components\simulator\tool3-roi.tsx
FN:14,calculateLearningHours
FN:27,recommendToolTier
FN:42,Tool3ROI
FN:72,(anonymous_3)
FN:74,(anonymous_4)
FN:88,(anonymous_5)
FN:166,(anonymous_6)
FN:186,(anonymous_7)
FN:269,(anonymous_8)
FN:290,(anonymous_9)
FN:323,(anonymous_10)
FN:342,(anonymous_11)
FN:362,(anonymous_12)
FN:384,(anonymous_13)
FN:395,(anonymous_14)
FN:413,(anonymous_15)
FN:417,(anonymous_16)
FN:421,(anonymous_17)
FN:425,(anonymous_18)
FN:432,(anonymous_19)
FN:448,(anonymous_20)
FN:452,(anonymous_21)
FN:456,(anonymous_22)
FN:463,(anonymous_23)
FN:487,(anonymous_24)
FN:494,(anonymous_25)
FN:509,(anonymous_26)
FN:564,(anonymous_27)
FN:584,(anonymous_28)
FNF:29
FNH:17
FNDA:2,calculateLearningHours
FNDA:4,recommendToolTier
FNDA:13,Tool3ROI
FNDA:2,(anonymous_3)
FNDA:10,(anonymous_4)
FNDA:2,(anonymous_5)
FNDA:12,(anonymous_6)
FNDA:12,(anonymous_7)
FNDA:0,(anonymous_8)
FNDA:12,(anonymous_9)
FNDA:11,(anonymous_10)
FNDA:1,(anonymous_11)
FNDA:0,(anonymous_12)
FNDA:0,(anonymous_13)
FNDA:2,(anonymous_14)
FNDA:1,(anonymous_15)
FNDA:1,(anonymous_16)
FNDA:0,(anonymous_17)
FNDA:0,(anonymous_18)
FNDA:0,(anonymous_19)
FNDA:1,(anonymous_20)
FNDA:1,(anonymous_21)
FNDA:0,(anonymous_22)
FNDA:0,(anonymous_23)
FNDA:0,(anonymous_24)
FNDA:0,(anonymous_25)
FNDA:0,(anonymous_26)
FNDA:0,(anonymous_27)
FNDA:44,(anonymous_28)
DA:11,2
DA:17,2
DA:21,2
DA:23,2
DA:28,4
DA:30,2
DA:31,2
DA:34,2
DA:38,0
DA:43,13
DA:44,13
DA:45,13
DA:51,13
DA:52,13
DA:53,13
DA:54,13
DA:55,13
DA:72,13
DA:74,10
DA:75,2
DA:76,2
DA:77,2
DA:78,2
DA:81,2
DA:82,2
DA:83,2
DA:86,2
DA:88,2
DA:89,2
DA:91,2
DA:92,2
DA:95,2
DA:96,2
DA:97,2
DA:100,2
DA:106,2
DA:109,2
DA:115,2
DA:116,2
DA:118,2
DA:119,2
DA:120,2
DA:124,2
DA:126,2
DA:127,2
DA:130,2
DA:131,2
DA:132,1
DA:135,2
DA:136,2
DA:139,2
DA:140,2
DA:143,2
DA:144,2
DA:145,2
DA:146,0
DA:147,0
DA:148,2
DA:149,0
DA:150,0
DA:154,2
DA:156,2
DA:161,2
DA:162,2
DA:163,2
DA:166,2
DA:167,12
DA:168,12
DA:169,12
DA:170,12
DA:172,12
DA:184,2
DA:185,2
DA:186,2
DA:187,12
DA:188,12
DA:189,12
DA:190,2
DA:194,2
DA:196,2
DA:212,2
DA:220,2
DA:223,13
DA:224,2
DA:232,2
DA:270,0
DA:291,12
DA:323,11
DA:325,11
DA:326,11
DA:328,5
DA:342,1
DA:362,0
DA:384,0
DA:395,2
DA:405,2
DA:413,1
DA:417,1
DA:421,0
DA:425,0
DA:432,0
DA:442,2
DA:448,1
DA:452,1
DA:456,0
DA:463,0
DA:471,2
DA:472,2
DA:473,2
DA:475,2
DA:477,2
DA:487,0
DA:494,0
DA:509,0
DA:564,0
DA:579,11
DA:585,44
LF:117
LH:100
BRDA:28,0,0,2
BRDA:28,0,1,2
BRDA:31,1,0,2
BRDA:31,1,1,0
BRDA:74,2,0,10
BRDA:74,2,1,0
BRDA:78,3,0,2
BRDA:78,3,1,0
BRDA:81,4,0,2
BRDA:81,4,1,0
BRDA:82,5,0,2
BRDA:82,5,1,0
BRDA:89,6,0,2
BRDA:89,6,1,1
BRDA:91,7,0,0
BRDA:91,7,1,2
BRDA:92,8,0,0
BRDA:92,8,1,2
BRDA:95,9,0,2
BRDA:95,9,1,0
BRDA:96,10,0,0
BRDA:96,10,1,2
BRDA:97,11,0,0
BRDA:97,11,1,2
BRDA:106,12,0,2
BRDA:106,12,1,0
BRDA:116,13,0,2
BRDA:116,13,1,0
BRDA:118,14,0,2
BRDA:118,14,1,0
BRDA:124,15,0,2
BRDA:124,15,1,0
BRDA:126,16,0,2
BRDA:126,16,1,1
BRDA:131,17,0,1
BRDA:131,17,1,1
BRDA:132,18,0,0
BRDA:132,18,1,1
BRDA:132,19,0,1
BRDA:132,19,1,0
BRDA:145,20,0,0
BRDA:145,20,1,2
BRDA:148,21,0,0
BRDA:148,21,1,2
BRDA:161,22,0,2
BRDA:161,22,1,0
BRDA:169,23,0,2
BRDA:169,23,1,10
BRDA:189,24,0,2
BRDA:189,24,1,10
BRDA:189,25,0,12
BRDA:189,25,1,3
BRDA:209,26,0,2
BRDA:209,26,1,0
BRDA:223,27,0,2
BRDA:223,27,1,11
BRDA:223,28,0,13
BRDA:223,28,1,2
BRDA:224,29,0,2
BRDA:224,29,1,0
BRDA:240,30,0,2
BRDA:240,30,1,2
BRDA:240,30,2,0
BRDA:246,31,0,2
BRDA:246,31,1,0
BRDA:249,32,0,2
BRDA:249,32,1,1
BRDA:250,33,0,2
BRDA:250,33,1,0
BRDA:251,34,0,2
BRDA:251,34,1,0
BRDA:252,35,0,1
BRDA:252,35,1,1
BRDA:252,36,0,1
BRDA:252,36,1,0
BRDA:252,37,0,0
BRDA:252,37,1,0
BRDA:253,38,0,1
BRDA:253,38,1,1
BRDA:253,39,0,1
BRDA:253,39,1,0
BRDA:253,40,0,0
BRDA:253,40,1,0
BRDA:254,41,0,1
BRDA:254,41,1,1
BRDA:255,42,0,1
BRDA:255,42,1,1
BRDA:302,43,0,11
BRDA:302,43,1,1
BRDA:303,44,0,11
BRDA:303,44,1,1
BRDA:305,45,0,11
BRDA:305,45,1,1
BRDA:306,46,0,11
BRDA:306,46,1,1
BRDA:325,47,0,11
BRDA:325,47,1,6
BRDA:326,48,0,5
BRDA:326,48,1,2
BRDA:326,48,2,2
BRDA:326,48,3,2
BRDA:331,49,0,2
BRDA:331,49,1,3
BRDA:408,50,0,1
BRDA:408,50,1,1
BRDA:445,51,0,1
BRDA:445,51,1,1
BRDA:471,52,0,2
BRDA:471,52,1,0
BRDA:473,53,0,2
BRDA:473,53,1,0
BRDA:475,54,0,2
BRDA:475,54,1,1
BRDA:480,55,0,1
BRDA:480,55,1,1
BRDA:488,56,0,2
BRDA:488,56,1,0
BRDA:495,57,0,0
BRDA:495,57,1,2
BRDA:508,58,0,2
BRDA:508,58,1,0
BRDA:508,59,0,1
BRDA:508,59,1,1
BRDA:511,60,0,1
BRDA:511,60,1,1
BRDA:514,61,0,2
BRDA:514,61,1,2
BRDA:521,62,0,2
BRDA:521,62,1,0
BRDA:521,62,2,0
BRDA:536,63,0,2
BRDA:536,63,1,0
BRDA:536,63,2,0
BRDA:536,63,3,0
BRDA:548,64,0,2
BRDA:548,64,1,0
BRDA:548,64,2,0
BRDA:555,65,0,0
BRDA:555,65,1,0
BRDA:588,66,0,11
BRDA:588,66,1,33
BRF:141
BRH:96
end_of_record
TN:
SF:components\ui\button.tsx
FN:39,Button
FNF:1
FNH:1
FNDA:28,Button
DA:7,5
DA:49,28
DA:51,28
LF:3
LH:3
BRDA:43,0,0,28
BRDA:49,1,0,0
BRDA:49,1,1,28
BRF:3
BRH:2
end_of_record
TN:
SF:components\ui\input.tsx
FN:5,Input
FNF:1
FNH:1
FNDA:17,Input
DA:6,17
LF:1
LH:1
BRF:0
BRH:0
end_of_record
TN:
SF:components\ui\label.tsx
FN:8,Label
FNF:1
FNH:1
FNDA:12,Label
DA:12,12
LF:1
LH:1
BRF:0
BRH:0
end_of_record
TN:
SF:contexts\simulator-context.tsx
FN:64,SimulatorProvider
FN:71,(anonymous_1)
FN:100,useSimulator
FNF:3
FNH:3
FNDA:18,SimulatorProvider
FNDA:1,(anonymous_1)
FNDA:45,useSimulator
DA:62,6
DA:65,18
DA:66,18
DA:67,18
DA:68,18
DA:69,18
DA:71,18
DA:72,1
DA:73,1
DA:74,1
DA:75,1
DA:76,1
DA:79,18
DA:101,45
DA:102,45
DA:103,0
DA:105,45
LF:17
LH:16
BRDA:102,0,0,0
BRDA:102,0,1,45
BRF:2
BRH:1
end_of_record
TN:
SF:lib\utils.ts
FN:4,cn
FNF:1
FNH:1
FNDA:58,cn
DA:5,58
LF:1
LH:1
BRF:0
BRH:0
end_of_record
TN:
SF:test\unit\helpers.js
FN:4,calculateLearningHours
FN:10,recommendToolTier
FN:16,calculateROI
FN:23,(anonymous_3)
FN:62,(anonymous_4)
FN:72,(anonymous_5)
FNF:6
FNH:6
FNDA:6,calculateLearningHours
FNDA:5,recommendToolTier
FNDA:2,calculateROI
FNDA:2,(anonymous_3)
FNDA:12,(anonymous_4)
FNDA:12,(anonymous_5)
DA:2,3
DA:5,6
DA:6,6
DA:7,6
DA:11,5
DA:12,3
DA:13,1
DA:17,2
DA:18,2
DA:19,2
DA:21,2
DA:23,2
DA:24,2
DA:25,2
DA:26,1
DA:28,2
DA:29,2
DA:30,2
DA:32,2
DA:33,2
DA:35,2
DA:36,2
DA:37,2
DA:38,2
DA:39,2
DA:42,2
DA:43,2
DA:44,2
DA:46,2
DA:47,2
DA:49,2
DA:50,2
DA:52,2
DA:53,2
DA:54,1
DA:56,2
DA:57,2
DA:58,2
DA:59,2
DA:60,2
DA:62,2
DA:63,12
DA:64,12
DA:65,12
DA:66,12
DA:67,12
DA:70,2
DA:71,2
DA:72,12
DA:74,2
DA:77,3
LF:51
LH:51
BRDA:11,0,0,2
BRDA:11,0,1,3
BRDA:12,1,0,2
BRDA:12,1,1,1
BRDA:17,2,0,2
BRDA:17,2,1,0
BRDA:18,3,0,2
BRDA:18,3,1,0
BRDA:24,4,0,2
BRDA:24,4,1,1
BRDA:25,5,0,1
BRDA:25,5,1,1
BRDA:26,6,0,0
BRDA:26,6,1,1
BRDA:28,7,0,2
BRDA:28,7,1,0
BRDA:29,8,0,0
BRDA:29,8,1,2
BRDA:30,9,0,1
BRDA:30,9,1,1
BRDA:33,10,0,2
BRDA:33,10,1,0
BRDA:37,11,0,2
BRDA:37,11,1,0
BRDA:38,12,0,2
BRDA:38,12,1,0
BRDA:42,13,0,2
BRDA:42,13,1,0
BRDA:43,14,0,2
BRDA:43,14,1,1
BRDA:53,15,0,1
BRDA:53,15,1,1
BRDA:54,16,0,0
BRDA:54,16,1,1
BRDA:58,17,0,2
BRDA:58,17,1,0
BRDA:65,18,0,2
BRDA:65,18,1,10
BRDA:72,19,0,2
BRDA:72,19,1,10
BRDA:72,20,0,12
BRDA:72,20,1,3
BRF:42
BRH:31
end_of_record
